[INFO] 2015-07-19 21:37:39,724 github.satoshi_nakamoto2.lessWrongBookCreator.SummaryFileReader getBookSummarySections - No rows Yo
[ERROR] 2015-07-19 21:41:06,611 github.satoshi_nakamoto2.lessWrongBookCreator.MainFrame done - 
java.util.concurrent.ExecutionException: java.lang.IllegalArgumentException: Sheet index (1) is out of range (0..0)
	at java.util.concurrent.FutureTask.report(FutureTask.java:122)
	at java.util.concurrent.FutureTask.get(FutureTask.java:192)
	at javax.swing.SwingWorker.get(SwingWorker.java:602)
	at github.satoshi_nakamoto2.lessWrongBookCreator.MainFrame$7.done(MainFrame.java:550)
	at javax.swing.SwingWorker$5.run(SwingWorker.java:737)
	at javax.swing.SwingWorker$DoSubmitAccumulativeRunnable.run(SwingWorker.java:832)
	at sun.swing.AccumulativeRunnable.run(AccumulativeRunnable.java:112)
	at javax.swing.SwingWorker$DoSubmitAccumulativeRunnable.actionPerformed(SwingWorker.java:842)
	at javax.swing.Timer.fireActionPerformed(Timer.java:313)
	at javax.swing.Timer$DoPostEvent.run(Timer.java:245)
	at java.awt.event.InvocationEvent.dispatch(InvocationEvent.java:311)
	at java.awt.EventQueue.dispatchEventImpl(EventQueue.java:744)
	at java.awt.EventQueue.access$400(EventQueue.java:97)
	at java.awt.EventQueue$3.run(EventQueue.java:697)
	at java.awt.EventQueue$3.run(EventQueue.java:691)
	at java.security.AccessController.doPrivileged(Native Method)
	at java.security.ProtectionDomain$1.doIntersectionPrivilege(ProtectionDomain.java:75)
	at java.awt.EventQueue.dispatchEvent(EventQueue.java:714)
	at java.awt.EventDispatchThread.pumpOneEventForFilters(EventDispatchThread.java:201)
	at java.awt.EventDispatchThread.pumpEventsForFilter(EventDispatchThread.java:116)
	at java.awt.EventDispatchThread.pumpEventsForHierarchy(EventDispatchThread.java:105)
	at java.awt.EventDispatchThread.pumpEvents(EventDispatchThread.java:101)
	at java.awt.EventDispatchThread.pumpEvents(EventDispatchThread.java:93)
	at java.awt.EventDispatchThread.run(EventDispatchThread.java:82)
Caused by: java.lang.IllegalArgumentException: Sheet index (1) is out of range (0..0)
	at org.apache.poi.xssf.usermodel.XSSFWorkbook.validateSheetIndex(XSSFWorkbook.java:1236)
	at org.apache.poi.xssf.usermodel.XSSFWorkbook.getSheetAt(XSSFWorkbook.java:991)
	at org.apache.poi.xssf.usermodel.XSSFWorkbook.getSheetAt(XSSFWorkbook.java:107)
	at github.satoshi_nakamoto2.lessWrongBookCreator.SummaryFileReader.getBookSummarySections(SummaryFileReader.java:141)
	at github.satoshi_nakamoto2.lessWrongBookCreator.SummaryFileReader.getSummarySections(SummaryFileReader.java:41)
	at github.satoshi_nakamoto2.lessWrongBookCreator.MainFrame$7.doInBackground(MainFrame.java:450)
	at javax.swing.SwingWorker$1.call(SwingWorker.java:295)
	at java.util.concurrent.FutureTask.run(FutureTask.java:266)
	at javax.swing.SwingWorker.run(SwingWorker.java:334)
	at java.util.concurrent.ThreadPoolExecutor.runWorker(ThreadPoolExecutor.java:1142)
	at java.util.concurrent.ThreadPoolExecutor$Worker.run(ThreadPoolExecutor.java:617)
	at java.lang.Thread.run(Thread.java:745)
[INFO] 2015-07-19 21:43:39,404 github.satoshi_nakamoto2.lessWrongBookCreator.SummaryFileReader getBookSummarySections - There is no sheet 1(2nd sheet) found. Therefore, there are sequence summaries. Perhaps, the excel file is not in the proper format.

[ERROR] 2015-07-19 21:43:39,445 github.satoshi_nakamoto2.lessWrongBookCreator.MainFrame done - 
java.util.concurrent.ExecutionException: java.lang.IllegalArgumentException: Sheet index (1) is out of range (0..0)
	at java.util.concurrent.FutureTask.report(FutureTask.java:122)
	at java.util.concurrent.FutureTask.get(FutureTask.java:192)
	at javax.swing.SwingWorker.get(SwingWorker.java:602)
	at github.satoshi_nakamoto2.lessWrongBookCreator.MainFrame$7.done(MainFrame.java:550)
	at javax.swing.SwingWorker$5.run(SwingWorker.java:737)
	at javax.swing.SwingWorker$DoSubmitAccumulativeRunnable.run(SwingWorker.java:832)
	at sun.swing.AccumulativeRunnable.run(AccumulativeRunnable.java:112)
	at javax.swing.SwingWorker$DoSubmitAccumulativeRunnable.actionPerformed(SwingWorker.java:842)
	at javax.swing.Timer.fireActionPerformed(Timer.java:313)
	at javax.swing.Timer$DoPostEvent.run(Timer.java:245)
	at java.awt.event.InvocationEvent.dispatch(InvocationEvent.java:311)
	at java.awt.EventQueue.dispatchEventImpl(EventQueue.java:744)
	at java.awt.EventQueue.access$400(EventQueue.java:97)
	at java.awt.EventQueue$3.run(EventQueue.java:697)
	at java.awt.EventQueue$3.run(EventQueue.java:691)
	at java.security.AccessController.doPrivileged(Native Method)
	at java.security.ProtectionDomain$1.doIntersectionPrivilege(ProtectionDomain.java:75)
	at java.awt.EventQueue.dispatchEvent(EventQueue.java:714)
	at java.awt.EventDispatchThread.pumpOneEventForFilters(EventDispatchThread.java:201)
	at java.awt.EventDispatchThread.pumpEventsForFilter(EventDispatchThread.java:116)
	at java.awt.EventDispatchThread.pumpEventsForHierarchy(EventDispatchThread.java:105)
	at java.awt.EventDispatchThread.pumpEvents(EventDispatchThread.java:101)
	at java.awt.EventDispatchThread.pumpEvents(EventDispatchThread.java:93)
	at java.awt.EventDispatchThread.run(EventDispatchThread.java:82)
Caused by: java.lang.IllegalArgumentException: Sheet index (1) is out of range (0..0)
	at org.apache.poi.xssf.usermodel.XSSFWorkbook.validateSheetIndex(XSSFWorkbook.java:1236)
	at org.apache.poi.xssf.usermodel.XSSFWorkbook.getSheetAt(XSSFWorkbook.java:991)
	at org.apache.poi.xssf.usermodel.XSSFWorkbook.getSheetAt(XSSFWorkbook.java:107)
	at github.satoshi_nakamoto2.lessWrongBookCreator.SummaryFileReader.getBookSummarySections(SummaryFileReader.java:145)
	at github.satoshi_nakamoto2.lessWrongBookCreator.SummaryFileReader.getSummarySections(SummaryFileReader.java:41)
	at github.satoshi_nakamoto2.lessWrongBookCreator.MainFrame$7.doInBackground(MainFrame.java:450)
	at javax.swing.SwingWorker$1.call(SwingWorker.java:295)
	at java.util.concurrent.FutureTask.run(FutureTask.java:266)
	at javax.swing.SwingWorker.run(SwingWorker.java:334)
	at java.util.concurrent.ThreadPoolExecutor.runWorker(ThreadPoolExecutor.java:1142)
	at java.util.concurrent.ThreadPoolExecutor$Worker.run(ThreadPoolExecutor.java:617)
	at java.lang.Thread.run(Thread.java:745)
[INFO] 2015-07-19 21:45:02,188 github.satoshi_nakamoto2.lessWrongBookCreator.SummaryFileReader getBookSummarySections - There is no 2nd sheet found. Therefore, there are no sequence summaries found. Perhaps, the excel file is not in the proper format.

[INFO] 2015-07-19 21:46:19,729 github.satoshi_nakamoto2.lessWrongBookCreator.SummaryFileReader getBookSummarySections - There is no 2nd sheet found. Therefore, there are no sequence summaries found. Perhaps, the excel file is not in the proper format.

[INFO] 2015-07-19 21:46:31,355 github.satoshi_nakamoto2.lessWrongBookCreator.SummaryFileReader getBookSummarySections - There is no sheet 2(3rd sheet) found. Therefore, there are no book summaries found. Perhaps, the excel file is not in the proper format.

[INFO] 2015-07-19 22:18:56,341 github.satoshi_nakamoto2.lessWrongBookCreator.MainFrame createEbookButtonActionPerformed - Input data field must be filled before the ebook can be created.
[INFO] 2015-07-19 22:30:37,601 github.satoshi_nakamoto2.lessWrongBookCreator.SummaryFileReader getBookSummarySections - There is no sheet 2(3rd sheet) found. Therefore, there are no book summaries found. Perhaps, the excel file is not in the proper format.

[INFO] 2015-07-19 22:54:05,784 github.satoshi_nakamoto2.lessWrongBookCreator.SummaryFileReader getBookSummarySections - There is no sheet 2(3rd sheet) found. Therefore, there are no book summaries found. Perhaps, the excel file is not in the proper format.

[INFO] 2015-07-19 22:55:13,881 github.satoshi_nakamoto2.lessWrongBookCreator.SummaryFileReader getBookSummarySections - There is no sheet 2(3rd sheet) found. Therefore, there are no book summaries found. Perhaps, the excel file is not in the proper format.

[INFO] 2015-07-19 22:57:05,709 github.satoshi_nakamoto2.lessWrongBookCreator.SummaryFileReader getBookSummarySections - There is no third sheet found. Therefore, there are no book summaries found. Perhaps, the excel file is not in the proper format.

[INFO] 2015-07-19 23:03:06,231 github.satoshi_nakamoto2.lessWrongBookCreator.SummaryFileReader getBookSummarySections - There is no third sheet found. Therefore, there are no book summaries found. Perhaps, the excel file is not in the proper format.

[ERROR] 2015-07-20 23:48:04,115 github.satoshi_nakamoto2.lessWrongBookCreator.PostSectionExtractor saveImage - IO exception for saving image src locally:  http://images.lesswrong.com/t3_5il_1.png?v=a0ef8195b3866f478702a67e2238c3bb
java.io.FileNotFoundException: htmlOutput\t3_5il_1.png?v=a0ef8195b3866f478702a67e2238c3bb (The filename, directory name, or volume label syntax is incorrect)
	at java.io.FileOutputStream.open(Native Method)
	at java.io.FileOutputStream.<init>(FileOutputStream.java:213)
	at java.io.FileOutputStream.<init>(FileOutputStream.java:101)
	at github.satoshi_nakamoto2.lessWrongBookCreator.PostSectionExtractor.saveImage(PostSectionExtractor.java:58)
	at github.satoshi_nakamoto2.lessWrongBookCreator.PostSectionExtractor.convertImagesToLocal(PostSectionExtractor.java:42)
	at github.satoshi_nakamoto2.lessWrongBookCreator.BlogPostSectionExtractor.getPostSectionString(BlogPostSectionExtractor.java:41)
	at github.satoshi_nakamoto2.lessWrongBookCreator.PostScraper.getPostSection(PostScraper.java:43)
	at github.satoshi_nakamoto2.lessWrongBookCreator.GetPostSectionCallable.call(GetPostSectionCallable.java:19)
	at github.satoshi_nakamoto2.lessWrongBookCreator.GetPostSectionCallable.call(GetPostSectionCallable.java:9)
	at java.util.concurrent.FutureTask.run(FutureTask.java:266)
	at java.util.concurrent.ThreadPoolExecutor.runWorker(ThreadPoolExecutor.java:1142)
	at java.util.concurrent.ThreadPoolExecutor$Worker.run(ThreadPoolExecutor.java:617)
	at java.lang.Thread.run(Thread.java:745)
[ERROR] 2015-07-20 23:48:04,157 github.satoshi_nakamoto2.lessWrongBookCreator.MainFrame doInBackground - 
java.util.concurrent.ExecutionException: github.satoshi_nakamoto2.lessWrongBookCreator.PostExtractionException: IO exception for saving image src locally:  http://images.lesswrong.com/t3_5il_1.png?v=a0ef8195b3866f478702a67e2238c3bb
	at java.util.concurrent.FutureTask.report(FutureTask.java:122)
	at java.util.concurrent.FutureTask.get(FutureTask.java:192)
	at github.satoshi_nakamoto2.lessWrongBookCreator.MainFrame$7.doInBackground(MainFrame.java:507)
	at javax.swing.SwingWorker$1.call(SwingWorker.java:295)
	at java.util.concurrent.FutureTask.run(FutureTask.java:266)
	at javax.swing.SwingWorker.run(SwingWorker.java:334)
	at java.util.concurrent.ThreadPoolExecutor.runWorker(ThreadPoolExecutor.java:1142)
	at java.util.concurrent.ThreadPoolExecutor$Worker.run(ThreadPoolExecutor.java:617)
	at java.lang.Thread.run(Thread.java:745)
Caused by: github.satoshi_nakamoto2.lessWrongBookCreator.PostExtractionException: IO exception for saving image src locally:  http://images.lesswrong.com/t3_5il_1.png?v=a0ef8195b3866f478702a67e2238c3bb
	at github.satoshi_nakamoto2.lessWrongBookCreator.PostSectionExtractor.saveImage(PostSectionExtractor.java:68)
	at github.satoshi_nakamoto2.lessWrongBookCreator.PostSectionExtractor.convertImagesToLocal(PostSectionExtractor.java:42)
	at github.satoshi_nakamoto2.lessWrongBookCreator.BlogPostSectionExtractor.getPostSectionString(BlogPostSectionExtractor.java:41)
	at github.satoshi_nakamoto2.lessWrongBookCreator.PostScraper.getPostSection(PostScraper.java:43)
	at github.satoshi_nakamoto2.lessWrongBookCreator.GetPostSectionCallable.call(GetPostSectionCallable.java:19)
	at github.satoshi_nakamoto2.lessWrongBookCreator.GetPostSectionCallable.call(GetPostSectionCallable.java:9)
	at java.util.concurrent.FutureTask.run(FutureTask.java:266)
	... 3 more
[ERROR] 2015-07-20 23:52:44,910 github.satoshi_nakamoto2.lessWrongBookCreator.PostSectionExtractor saveImage - IO exception for saving image src locally:  http://images.lesswrong.com/t3_5il_1.png?v=a0ef8195b3866f478702a67e2238c3bb
java.io.FileNotFoundException: htmlOutput\t3_5il_1.png?v=a0ef8195b3866f478702a67e2238c3bb (The filename, directory name, or volume label syntax is incorrect)
	at java.io.FileOutputStream.open(Native Method)
	at java.io.FileOutputStream.<init>(FileOutputStream.java:213)
	at java.io.FileOutputStream.<init>(FileOutputStream.java:101)
	at github.satoshi_nakamoto2.lessWrongBookCreator.PostSectionExtractor.saveImage(PostSectionExtractor.java:58)
	at github.satoshi_nakamoto2.lessWrongBookCreator.PostSectionExtractor.convertImagesToLocal(PostSectionExtractor.java:42)
	at github.satoshi_nakamoto2.lessWrongBookCreator.BlogPostSectionExtractor.getPostSectionString(BlogPostSectionExtractor.java:41)
	at github.satoshi_nakamoto2.lessWrongBookCreator.PostScraper.getPostSection(PostScraper.java:43)
	at github.satoshi_nakamoto2.lessWrongBookCreator.GetPostSectionCallable.call(GetPostSectionCallable.java:19)
	at github.satoshi_nakamoto2.lessWrongBookCreator.GetPostSectionCallable.call(GetPostSectionCallable.java:9)
	at java.util.concurrent.FutureTask.run(FutureTask.java:266)
	at java.util.concurrent.ThreadPoolExecutor.runWorker(ThreadPoolExecutor.java:1142)
	at java.util.concurrent.ThreadPoolExecutor$Worker.run(ThreadPoolExecutor.java:617)
	at java.lang.Thread.run(Thread.java:745)
[ERROR] 2015-07-20 23:52:44,920 github.satoshi_nakamoto2.lessWrongBookCreator.MainFrame doInBackground - 
java.util.concurrent.ExecutionException: github.satoshi_nakamoto2.lessWrongBookCreator.PostExtractionException: IO exception for saving image src locally:  http://images.lesswrong.com/t3_5il_1.png?v=a0ef8195b3866f478702a67e2238c3bb
	at java.util.concurrent.FutureTask.report(FutureTask.java:122)
	at java.util.concurrent.FutureTask.get(FutureTask.java:192)
	at github.satoshi_nakamoto2.lessWrongBookCreator.MainFrame$7.doInBackground(MainFrame.java:507)
	at javax.swing.SwingWorker$1.call(SwingWorker.java:295)
	at java.util.concurrent.FutureTask.run(FutureTask.java:266)
	at javax.swing.SwingWorker.run(SwingWorker.java:334)
	at java.util.concurrent.ThreadPoolExecutor.runWorker(ThreadPoolExecutor.java:1142)
	at java.util.concurrent.ThreadPoolExecutor$Worker.run(ThreadPoolExecutor.java:617)
	at java.lang.Thread.run(Thread.java:745)
Caused by: github.satoshi_nakamoto2.lessWrongBookCreator.PostExtractionException: IO exception for saving image src locally:  http://images.lesswrong.com/t3_5il_1.png?v=a0ef8195b3866f478702a67e2238c3bb
	at github.satoshi_nakamoto2.lessWrongBookCreator.PostSectionExtractor.saveImage(PostSectionExtractor.java:68)
	at github.satoshi_nakamoto2.lessWrongBookCreator.PostSectionExtractor.convertImagesToLocal(PostSectionExtractor.java:42)
	at github.satoshi_nakamoto2.lessWrongBookCreator.BlogPostSectionExtractor.getPostSectionString(BlogPostSectionExtractor.java:41)
	at github.satoshi_nakamoto2.lessWrongBookCreator.PostScraper.getPostSection(PostScraper.java:43)
	at github.satoshi_nakamoto2.lessWrongBookCreator.GetPostSectionCallable.call(GetPostSectionCallable.java:19)
	at github.satoshi_nakamoto2.lessWrongBookCreator.GetPostSectionCallable.call(GetPostSectionCallable.java:9)
	at java.util.concurrent.FutureTask.run(FutureTask.java:266)
	... 3 more
[ERROR] 2015-07-20 23:53:43,335 github.satoshi_nakamoto2.lessWrongBookCreator.PostSectionExtractor saveImage - IO exception for saving image src locally:  http://images.lesswrong.com/t3_km6_2.png?v=2dd17648f5c266ec65ca87364663a4a2
java.io.FileNotFoundException: htmlOutput\t3_km6_2.png?v=2dd17648f5c266ec65ca87364663a4a2 (The filename, directory name, or volume label syntax is incorrect)
	at java.io.FileOutputStream.open(Native Method)
	at java.io.FileOutputStream.<init>(FileOutputStream.java:213)
	at java.io.FileOutputStream.<init>(FileOutputStream.java:101)
	at github.satoshi_nakamoto2.lessWrongBookCreator.PostSectionExtractor.saveImage(PostSectionExtractor.java:58)
	at github.satoshi_nakamoto2.lessWrongBookCreator.PostSectionExtractor.convertImagesToLocal(PostSectionExtractor.java:42)
	at github.satoshi_nakamoto2.lessWrongBookCreator.BlogPostSectionExtractor.getPostSectionString(BlogPostSectionExtractor.java:41)
	at github.satoshi_nakamoto2.lessWrongBookCreator.PostScraper.getPostSection(PostScraper.java:43)
	at github.satoshi_nakamoto2.lessWrongBookCreator.GetPostSectionCallable.call(GetPostSectionCallable.java:19)
	at github.satoshi_nakamoto2.lessWrongBookCreator.GetPostSectionCallable.call(GetPostSectionCallable.java:9)
	at java.util.concurrent.FutureTask.run(FutureTask.java:266)
	at java.util.concurrent.ThreadPoolExecutor.runWorker(ThreadPoolExecutor.java:1142)
	at java.util.concurrent.ThreadPoolExecutor$Worker.run(ThreadPoolExecutor.java:617)
	at java.lang.Thread.run(Thread.java:745)
[ERROR] 2015-07-21 22:07:45,736 github.satoshi_nakamoto2.lessWrongBookCreator.GUI.MainFrame doInBackground - 
java.util.concurrent.ExecutionException: java.lang.NullPointerException
	at java.util.concurrent.FutureTask.report(FutureTask.java:122)
	at java.util.concurrent.FutureTask.get(FutureTask.java:192)
	at github.satoshi_nakamoto2.lessWrongBookCreator.GUI.MainFrame$7.doInBackground(MainFrame.java:522)
	at javax.swing.SwingWorker$1.call(SwingWorker.java:295)
	at java.util.concurrent.FutureTask.run(FutureTask.java:266)
	at javax.swing.SwingWorker.run(SwingWorker.java:334)
	at java.util.concurrent.ThreadPoolExecutor.runWorker(ThreadPoolExecutor.java:1142)
	at java.util.concurrent.ThreadPoolExecutor$Worker.run(ThreadPoolExecutor.java:617)
	at java.lang.Thread.run(Thread.java:745)
Caused by: java.lang.NullPointerException
	at github.satoshi_nakamoto2.lessWrongBookCreator.scraper.BlogPostSectionExtractor.getComments(BlogPostSectionExtractor.java:147)
	at github.satoshi_nakamoto2.lessWrongBookCreator.scraper.BlogPostSectionExtractor.getPostSectionString(BlogPostSectionExtractor.java:54)
	at github.satoshi_nakamoto2.lessWrongBookCreator.scraper.PostScraper.getPostSection(PostScraper.java:50)
	at github.satoshi_nakamoto2.lessWrongBookCreator.scraper.GetPostSectionCallable.call(GetPostSectionCallable.java:19)
	at github.satoshi_nakamoto2.lessWrongBookCreator.scraper.GetPostSectionCallable.call(GetPostSectionCallable.java:9)
	at java.util.concurrent.FutureTask.run(FutureTask.java:266)
	... 3 more
[ERROR] 2015-07-21 22:09:30,520 github.satoshi_nakamoto2.lessWrongBookCreator.GUI.MainFrame doInBackground - 
java.util.concurrent.ExecutionException: java.lang.NullPointerException
	at java.util.concurrent.FutureTask.report(FutureTask.java:122)
	at java.util.concurrent.FutureTask.get(FutureTask.java:192)
	at github.satoshi_nakamoto2.lessWrongBookCreator.GUI.MainFrame$7.doInBackground(MainFrame.java:522)
	at javax.swing.SwingWorker$1.call(SwingWorker.java:295)
	at java.util.concurrent.FutureTask.run(FutureTask.java:266)
	at javax.swing.SwingWorker.run(SwingWorker.java:334)
	at java.util.concurrent.ThreadPoolExecutor.runWorker(ThreadPoolExecutor.java:1142)
	at java.util.concurrent.ThreadPoolExecutor$Worker.run(ThreadPoolExecutor.java:617)
	at java.lang.Thread.run(Thread.java:745)
Caused by: java.lang.NullPointerException
	at github.satoshi_nakamoto2.lessWrongBookCreator.scraper.BlogPostSectionExtractor.getComments(BlogPostSectionExtractor.java:147)
	at github.satoshi_nakamoto2.lessWrongBookCreator.scraper.BlogPostSectionExtractor.getPostSectionString(BlogPostSectionExtractor.java:54)
	at github.satoshi_nakamoto2.lessWrongBookCreator.scraper.PostScraper.getPostSection(PostScraper.java:52)
	at github.satoshi_nakamoto2.lessWrongBookCreator.scraper.GetPostSectionCallable.call(GetPostSectionCallable.java:19)
	at github.satoshi_nakamoto2.lessWrongBookCreator.scraper.GetPostSectionCallable.call(GetPostSectionCallable.java:9)
	at java.util.concurrent.FutureTask.run(FutureTask.java:266)
	... 3 more
[ERROR] 2015-07-21 22:10:44,980 github.satoshi_nakamoto2.lessWrongBookCreator.GUI.MainFrame doInBackground - 
java.util.concurrent.ExecutionException: java.lang.NullPointerException
	at java.util.concurrent.FutureTask.report(FutureTask.java:122)
	at java.util.concurrent.FutureTask.get(FutureTask.java:192)
	at github.satoshi_nakamoto2.lessWrongBookCreator.GUI.MainFrame$7.doInBackground(MainFrame.java:522)
	at javax.swing.SwingWorker$1.call(SwingWorker.java:295)
	at java.util.concurrent.FutureTask.run(FutureTask.java:266)
	at javax.swing.SwingWorker.run(SwingWorker.java:334)
	at java.util.concurrent.ThreadPoolExecutor.runWorker(ThreadPoolExecutor.java:1142)
	at java.util.concurrent.ThreadPoolExecutor$Worker.run(ThreadPoolExecutor.java:617)
	at java.lang.Thread.run(Thread.java:745)
Caused by: java.lang.NullPointerException
	at github.satoshi_nakamoto2.lessWrongBookCreator.scraper.BlogPostSectionExtractor.getComments(BlogPostSectionExtractor.java:147)
	at github.satoshi_nakamoto2.lessWrongBookCreator.scraper.BlogPostSectionExtractor.getPostSectionString(BlogPostSectionExtractor.java:54)
	at github.satoshi_nakamoto2.lessWrongBookCreator.scraper.PostScraper.getPostSection(PostScraper.java:55)
	at github.satoshi_nakamoto2.lessWrongBookCreator.scraper.GetPostSectionCallable.call(GetPostSectionCallable.java:19)
	at github.satoshi_nakamoto2.lessWrongBookCreator.scraper.GetPostSectionCallable.call(GetPostSectionCallable.java:9)
	at java.util.concurrent.FutureTask.run(FutureTask.java:266)
	... 3 more
[ERROR] 2015-07-21 22:13:15,541 github.satoshi_nakamoto2.lessWrongBookCreator.GUI.MainFrame doInBackground - 
java.util.concurrent.ExecutionException: java.lang.NullPointerException
	at java.util.concurrent.FutureTask.report(FutureTask.java:122)
	at java.util.concurrent.FutureTask.get(FutureTask.java:192)
	at github.satoshi_nakamoto2.lessWrongBookCreator.GUI.MainFrame$7.doInBackground(MainFrame.java:522)
	at javax.swing.SwingWorker$1.call(SwingWorker.java:295)
	at java.util.concurrent.FutureTask.run(FutureTask.java:266)
	at javax.swing.SwingWorker.run(SwingWorker.java:334)
	at java.util.concurrent.ThreadPoolExecutor.runWorker(ThreadPoolExecutor.java:1142)
	at java.util.concurrent.ThreadPoolExecutor$Worker.run(ThreadPoolExecutor.java:617)
	at java.lang.Thread.run(Thread.java:745)
Caused by: java.lang.NullPointerException
	at github.satoshi_nakamoto2.lessWrongBookCreator.scraper.BlogPostSectionExtractor.getComments(BlogPostSectionExtractor.java:150)
	at github.satoshi_nakamoto2.lessWrongBookCreator.scraper.BlogPostSectionExtractor.getPostSectionString(BlogPostSectionExtractor.java:54)
	at github.satoshi_nakamoto2.lessWrongBookCreator.scraper.PostScraper.getPostSection(PostScraper.java:55)
	at github.satoshi_nakamoto2.lessWrongBookCreator.scraper.GetPostSectionCallable.call(GetPostSectionCallable.java:19)
	at github.satoshi_nakamoto2.lessWrongBookCreator.scraper.GetPostSectionCallable.call(GetPostSectionCallable.java:9)
	at java.util.concurrent.FutureTask.run(FutureTask.java:266)
	... 3 more
[ERROR] 2015-07-22 12:58:21,918 github.satoshi_nakamoto2.lessWrongBookCreator.excelReader.SummaryFileReader getSummarySections - 
java.io.FileNotFoundException: File that doesnt exist (The system cannot find the file specified)
	at java.io.FileInputStream.open0(Native Method)
	at java.io.FileInputStream.open(FileInputStream.java:195)
	at java.io.FileInputStream.<init>(FileInputStream.java:138)
	at github.satoshi_nakamoto2.lessWrongBookCreator.excelReader.SummaryFileReader.getSummarySections(SummaryFileReader.java:43)
	at github.satoshi_nakamoto2.lessWrongBookCreator.tests.SummaryFileReaderTest.getSummarySections_FileNotFound_ThrowsFileNotFoundException(SummaryFileReaderTest.java:47)
	at sun.reflect.NativeMethodAccessorImpl.invoke0(Native Method)
	at sun.reflect.NativeMethodAccessorImpl.invoke(NativeMethodAccessorImpl.java:62)
	at sun.reflect.DelegatingMethodAccessorImpl.invoke(DelegatingMethodAccessorImpl.java:43)
	at java.lang.reflect.Method.invoke(Method.java:497)
	at org.junit.runners.model.FrameworkMethod$1.runReflectiveCall(FrameworkMethod.java:45)
	at org.junit.internal.runners.model.ReflectiveCallable.run(ReflectiveCallable.java:15)
	at org.junit.runners.model.FrameworkMethod.invokeExplosively(FrameworkMethod.java:42)
	at org.junit.internal.runners.statements.InvokeMethod.evaluate(InvokeMethod.java:20)
	at org.junit.internal.runners.statements.ExpectException.evaluate(ExpectException.java:22)
	at org.junit.internal.runners.statements.RunBefores.evaluate(RunBefores.java:28)
	at org.junit.internal.runners.statements.RunAfters.evaluate(RunAfters.java:30)
	at org.junit.runners.ParentRunner.runLeaf(ParentRunner.java:263)
	at org.junit.runners.BlockJUnit4ClassRunner.runChild(BlockJUnit4ClassRunner.java:68)
	at org.junit.runners.BlockJUnit4ClassRunner.runChild(BlockJUnit4ClassRunner.java:47)
	at org.junit.runners.ParentRunner$3.run(ParentRunner.java:231)
	at org.junit.runners.ParentRunner$1.schedule(ParentRunner.java:60)
	at org.junit.runners.ParentRunner.runChildren(ParentRunner.java:229)
	at org.junit.runners.ParentRunner.access$000(ParentRunner.java:50)
	at org.junit.runners.ParentRunner$2.evaluate(ParentRunner.java:222)
	at org.junit.internal.runners.statements.RunBefores.evaluate(RunBefores.java:28)
	at org.junit.internal.runners.statements.RunAfters.evaluate(RunAfters.java:30)
	at org.junit.runners.ParentRunner.run(ParentRunner.java:300)
	at org.apache.tools.ant.taskdefs.optional.junit.JUnit4TestMethodAdapter.run(JUnit4TestMethodAdapter.java:105)
	at org.apache.tools.ant.taskdefs.optional.junit.JUnitTestRunner.run(JUnitTestRunner.java:532)
	at org.apache.tools.ant.taskdefs.optional.junit.JUnitTestRunner.launch(JUnitTestRunner.java:1179)
	at org.apache.tools.ant.taskdefs.optional.junit.JUnitTestRunner.main(JUnitTestRunner.java:1030)
[ERROR] 2015-07-22 13:05:16,162 github.satoshi_nakamoto2.lessWrongBookCreator.excelReader.SummaryFileReader getSummarySections - 
java.io.FileNotFoundException: File that doesnt exist (The system cannot find the file specified)
	at java.io.FileInputStream.open0(Native Method)
	at java.io.FileInputStream.open(FileInputStream.java:195)
	at java.io.FileInputStream.<init>(FileInputStream.java:138)
	at github.satoshi_nakamoto2.lessWrongBookCreator.excelReader.SummaryFileReader.getSummarySections(SummaryFileReader.java:43)
	at github.satoshi_nakamoto2.lessWrongBookCreator.tests.SummaryFileReaderTest.getSummarySections_FileNotFound_ThrowsFileNotFoundException(SummaryFileReaderTest.java:52)
	at sun.reflect.NativeMethodAccessorImpl.invoke0(Native Method)
	at sun.reflect.NativeMethodAccessorImpl.invoke(NativeMethodAccessorImpl.java:62)
	at sun.reflect.DelegatingMethodAccessorImpl.invoke(DelegatingMethodAccessorImpl.java:43)
	at java.lang.reflect.Method.invoke(Method.java:497)
	at org.junit.runners.model.FrameworkMethod$1.runReflectiveCall(FrameworkMethod.java:45)
	at org.junit.internal.runners.model.ReflectiveCallable.run(ReflectiveCallable.java:15)
	at org.junit.runners.model.FrameworkMethod.invokeExplosively(FrameworkMethod.java:42)
	at org.junit.internal.runners.statements.InvokeMethod.evaluate(InvokeMethod.java:20)
	at org.junit.internal.runners.statements.RunBefores.evaluate(RunBefores.java:28)
	at org.junit.internal.runners.statements.RunAfters.evaluate(RunAfters.java:30)
	at org.junit.rules.ExpectedException$ExpectedExceptionStatement.evaluate(ExpectedException.java:110)
	at org.junit.rules.RunRules.evaluate(RunRules.java:18)
	at org.junit.runners.ParentRunner.runLeaf(ParentRunner.java:263)
	at org.junit.runners.BlockJUnit4ClassRunner.runChild(BlockJUnit4ClassRunner.java:68)
	at org.junit.runners.BlockJUnit4ClassRunner.runChild(BlockJUnit4ClassRunner.java:47)
	at org.junit.runners.ParentRunner$3.run(ParentRunner.java:231)
	at org.junit.runners.ParentRunner$1.schedule(ParentRunner.java:60)
	at org.junit.runners.ParentRunner.runChildren(ParentRunner.java:229)
	at org.junit.runners.ParentRunner.access$000(ParentRunner.java:50)
	at org.junit.runners.ParentRunner$2.evaluate(ParentRunner.java:222)
	at org.junit.internal.runners.statements.RunBefores.evaluate(RunBefores.java:28)
	at org.junit.internal.runners.statements.RunAfters.evaluate(RunAfters.java:30)
	at org.junit.runners.ParentRunner.run(ParentRunner.java:300)
	at org.apache.tools.ant.taskdefs.optional.junit.JUnit4TestMethodAdapter.run(JUnit4TestMethodAdapter.java:105)
	at org.apache.tools.ant.taskdefs.optional.junit.JUnitTestRunner.run(JUnitTestRunner.java:532)
	at org.apache.tools.ant.taskdefs.optional.junit.JUnitTestRunner.launch(JUnitTestRunner.java:1179)
	at org.apache.tools.ant.taskdefs.optional.junit.JUnitTestRunner.main(JUnitTestRunner.java:1030)
[ERROR] 2015-07-22 13:10:03,597 github.satoshi_nakamoto2.lessWrongBookCreator.excelReader.SummaryFileReader getSummarySections - 
java.io.FileNotFoundException: File that doesnt exist (The system cannot find the file specified)
	at java.io.FileInputStream.open0(Native Method)
	at java.io.FileInputStream.open(FileInputStream.java:195)
	at java.io.FileInputStream.<init>(FileInputStream.java:138)
	at github.satoshi_nakamoto2.lessWrongBookCreator.excelReader.SummaryFileReader.getSummarySections(SummaryFileReader.java:43)
	at github.satoshi_nakamoto2.lessWrongBookCreator.tests.SummaryFileReaderTest.getSummarySections_FileNotFound_ThrowsFileNotFoundException(SummaryFileReaderTest.java:53)
	at sun.reflect.NativeMethodAccessorImpl.invoke0(Native Method)
	at sun.reflect.NativeMethodAccessorImpl.invoke(NativeMethodAccessorImpl.java:62)
	at sun.reflect.DelegatingMethodAccessorImpl.invoke(DelegatingMethodAccessorImpl.java:43)
	at java.lang.reflect.Method.invoke(Method.java:497)
	at org.junit.runners.model.FrameworkMethod$1.runReflectiveCall(FrameworkMethod.java:45)
	at org.junit.internal.runners.model.ReflectiveCallable.run(ReflectiveCallable.java:15)
	at org.junit.runners.model.FrameworkMethod.invokeExplosively(FrameworkMethod.java:42)
	at org.junit.internal.runners.statements.InvokeMethod.evaluate(InvokeMethod.java:20)
	at org.junit.internal.runners.statements.RunBefores.evaluate(RunBefores.java:28)
	at org.junit.internal.runners.statements.RunAfters.evaluate(RunAfters.java:30)
	at org.junit.rules.ExpectedException$ExpectedExceptionStatement.evaluate(ExpectedException.java:110)
	at org.junit.rules.RunRules.evaluate(RunRules.java:18)
	at org.junit.runners.ParentRunner.runLeaf(ParentRunner.java:263)
	at org.junit.runners.BlockJUnit4ClassRunner.runChild(BlockJUnit4ClassRunner.java:68)
	at org.junit.runners.BlockJUnit4ClassRunner.runChild(BlockJUnit4ClassRunner.java:47)
	at org.junit.runners.ParentRunner$3.run(ParentRunner.java:231)
	at org.junit.runners.ParentRunner$1.schedule(ParentRunner.java:60)
	at org.junit.runners.ParentRunner.runChildren(ParentRunner.java:229)
	at org.junit.runners.ParentRunner.access$000(ParentRunner.java:50)
	at org.junit.runners.ParentRunner$2.evaluate(ParentRunner.java:222)
	at org.junit.internal.runners.statements.RunBefores.evaluate(RunBefores.java:28)
	at org.junit.internal.runners.statements.RunAfters.evaluate(RunAfters.java:30)
	at org.junit.runners.ParentRunner.run(ParentRunner.java:300)
	at org.apache.tools.ant.taskdefs.optional.junit.JUnit4TestMethodAdapter.run(JUnit4TestMethodAdapter.java:105)
	at org.apache.tools.ant.taskdefs.optional.junit.JUnitTestRunner.run(JUnitTestRunner.java:532)
	at org.apache.tools.ant.taskdefs.optional.junit.JUnitTestRunner.launch(JUnitTestRunner.java:1179)
	at org.apache.tools.ant.taskdefs.optional.junit.JUnitTestRunner.main(JUnitTestRunner.java:1030)
[ERROR] 2015-07-22 13:30:27,736 github.satoshi_nakamoto2.lessWrongBookCreator.excelReader.SummaryFileReader getSummarySections - 
java.io.FileNotFoundException: Non Existing
	at org.apache.poi.ss.usermodel.WorkbookFactory.create(WorkbookFactory.java:201)
	at org.apache.poi.ss.usermodel.WorkbookFactory.create(WorkbookFactory.java:188)
	at github.satoshi_nakamoto2.lessWrongBookCreator.excelReader.SummaryFileReader.getSummarySections(SummaryFileReader.java:46)
	at github.satoshi_nakamoto2.lessWrongBookCreator.tests.SummaryFileReaderTest.getSummarySections_FileNotExisting_ThrowsExcelExtractionException(SummaryFileReaderTest.java:65)
	at sun.reflect.NativeMethodAccessorImpl.invoke0(Native Method)
	at sun.reflect.NativeMethodAccessorImpl.invoke(NativeMethodAccessorImpl.java:62)
	at sun.reflect.DelegatingMethodAccessorImpl.invoke(DelegatingMethodAccessorImpl.java:43)
	at java.lang.reflect.Method.invoke(Method.java:497)
	at org.junit.runners.model.FrameworkMethod$1.runReflectiveCall(FrameworkMethod.java:45)
	at org.junit.internal.runners.model.ReflectiveCallable.run(ReflectiveCallable.java:15)
	at org.junit.runners.model.FrameworkMethod.invokeExplosively(FrameworkMethod.java:42)
	at org.junit.internal.runners.statements.InvokeMethod.evaluate(InvokeMethod.java:20)
	at org.junit.internal.runners.statements.RunBefores.evaluate(RunBefores.java:28)
	at org.junit.internal.runners.statements.RunAfters.evaluate(RunAfters.java:30)
	at org.junit.rules.ExpectedException$ExpectedExceptionStatement.evaluate(ExpectedException.java:110)
	at org.junit.rules.RunRules.evaluate(RunRules.java:18)
	at org.junit.runners.ParentRunner.runLeaf(ParentRunner.java:263)
	at org.junit.runners.BlockJUnit4ClassRunner.runChild(BlockJUnit4ClassRunner.java:68)
	at org.junit.runners.BlockJUnit4ClassRunner.runChild(BlockJUnit4ClassRunner.java:47)
	at org.junit.runners.ParentRunner$3.run(ParentRunner.java:231)
	at org.junit.runners.ParentRunner$1.schedule(ParentRunner.java:60)
	at org.junit.runners.ParentRunner.runChildren(ParentRunner.java:229)
	at org.junit.runners.ParentRunner.access$000(ParentRunner.java:50)
	at org.junit.runners.ParentRunner$2.evaluate(ParentRunner.java:222)
	at org.junit.internal.runners.statements.RunBefores.evaluate(RunBefores.java:28)
	at org.junit.internal.runners.statements.RunAfters.evaluate(RunAfters.java:30)
	at org.junit.runners.ParentRunner.run(ParentRunner.java:300)
	at org.apache.tools.ant.taskdefs.optional.junit.JUnit4TestMethodAdapter.run(JUnit4TestMethodAdapter.java:105)
	at org.apache.tools.ant.taskdefs.optional.junit.JUnitTestRunner.run(JUnitTestRunner.java:532)
	at org.apache.tools.ant.taskdefs.optional.junit.JUnitTestRunner.launch(JUnitTestRunner.java:1179)
	at org.apache.tools.ant.taskdefs.optional.junit.JUnitTestRunner.main(JUnitTestRunner.java:1030)
[ERROR] 2015-07-22 16:12:43,820 github.satoshi_nakamoto2.lessWrongBookCreator.excelReader.SummaryFileReader getSummarySections - 
java.io.FileNotFoundException: Non Existing
	at org.apache.poi.ss.usermodel.WorkbookFactory.create(WorkbookFactory.java:201)
	at org.apache.poi.ss.usermodel.WorkbookFactory.create(WorkbookFactory.java:188)
	at github.satoshi_nakamoto2.lessWrongBookCreator.excelReader.SummaryFileReader.getSummarySections(SummaryFileReader.java:46)
	at github.satoshi_nakamoto2.lessWrongBookCreator.tests.SummaryFileReaderTest.getSummarySections_FileNotExisting_ThrowsExcelExtractionException(SummaryFileReaderTest.java:67)
	at sun.reflect.NativeMethodAccessorImpl.invoke0(Native Method)
	at sun.reflect.NativeMethodAccessorImpl.invoke(NativeMethodAccessorImpl.java:62)
	at sun.reflect.DelegatingMethodAccessorImpl.invoke(DelegatingMethodAccessorImpl.java:43)
	at java.lang.reflect.Method.invoke(Method.java:497)
	at org.junit.runners.model.FrameworkMethod$1.runReflectiveCall(FrameworkMethod.java:45)
	at org.junit.internal.runners.model.ReflectiveCallable.run(ReflectiveCallable.java:15)
	at org.junit.runners.model.FrameworkMethod.invokeExplosively(FrameworkMethod.java:42)
	at org.junit.internal.runners.statements.InvokeMethod.evaluate(InvokeMethod.java:20)
	at org.junit.internal.runners.statements.RunBefores.evaluate(RunBefores.java:28)
	at org.junit.internal.runners.statements.RunAfters.evaluate(RunAfters.java:30)
	at org.junit.rules.ExpectedException$ExpectedExceptionStatement.evaluate(ExpectedException.java:110)
	at org.junit.rules.RunRules.evaluate(RunRules.java:18)
	at org.junit.runners.ParentRunner.runLeaf(ParentRunner.java:263)
	at org.junit.runners.BlockJUnit4ClassRunner.runChild(BlockJUnit4ClassRunner.java:68)
	at org.junit.runners.BlockJUnit4ClassRunner.runChild(BlockJUnit4ClassRunner.java:47)
	at org.junit.runners.ParentRunner$3.run(ParentRunner.java:231)
	at org.junit.runners.ParentRunner$1.schedule(ParentRunner.java:60)
	at org.junit.runners.ParentRunner.runChildren(ParentRunner.java:229)
	at org.junit.runners.ParentRunner.access$000(ParentRunner.java:50)
	at org.junit.runners.ParentRunner$2.evaluate(ParentRunner.java:222)
	at org.junit.internal.runners.statements.RunBefores.evaluate(RunBefores.java:28)
	at org.junit.internal.runners.statements.RunAfters.evaluate(RunAfters.java:30)
	at org.junit.runners.ParentRunner.run(ParentRunner.java:300)
	at junit.framework.JUnit4TestAdapter.run(JUnit4TestAdapter.java:39)
	at org.apache.tools.ant.taskdefs.optional.junit.JUnitTestRunner.run(JUnitTestRunner.java:532)
	at org.apache.tools.ant.taskdefs.optional.junit.JUnitTestRunner.launch(JUnitTestRunner.java:1179)
	at org.apache.tools.ant.taskdefs.optional.junit.JUnitTestRunner.main(JUnitTestRunner.java:1030)
[ERROR] 2015-07-22 16:35:07,043 github.satoshi_nakamoto2.lessWrongBookCreator.excelReader.SummaryFileReader getSummarySections - 
java.io.FileNotFoundException: Non Existing
	at org.apache.poi.ss.usermodel.WorkbookFactory.create(WorkbookFactory.java:201)
	at org.apache.poi.ss.usermodel.WorkbookFactory.create(WorkbookFactory.java:188)
	at github.satoshi_nakamoto2.lessWrongBookCreator.excelReader.SummaryFileReader.getSummarySections(SummaryFileReader.java:46)
	at github.satoshi_nakamoto2.lessWrongBookCreator.scraper.SummaryFileReaderTest.getSummarySections_FileNotExisting_ThrowsExcelExtractionException(SummaryFileReaderTest.java:37)
	at sun.reflect.NativeMethodAccessorImpl.invoke0(Native Method)
	at sun.reflect.NativeMethodAccessorImpl.invoke(NativeMethodAccessorImpl.java:62)
	at sun.reflect.DelegatingMethodAccessorImpl.invoke(DelegatingMethodAccessorImpl.java:43)
	at java.lang.reflect.Method.invoke(Method.java:497)
	at org.junit.runners.model.FrameworkMethod$1.runReflectiveCall(FrameworkMethod.java:45)
	at org.junit.internal.runners.model.ReflectiveCallable.run(ReflectiveCallable.java:15)
	at org.junit.runners.model.FrameworkMethod.invokeExplosively(FrameworkMethod.java:42)
	at org.junit.internal.runners.statements.InvokeMethod.evaluate(InvokeMethod.java:20)
	at org.junit.rules.ExpectedException$ExpectedExceptionStatement.evaluate(ExpectedException.java:110)
	at org.junit.rules.RunRules.evaluate(RunRules.java:18)
	at org.junit.runners.ParentRunner.runLeaf(ParentRunner.java:263)
	at org.junit.runners.BlockJUnit4ClassRunner.runChild(BlockJUnit4ClassRunner.java:68)
	at org.junit.runners.BlockJUnit4ClassRunner.runChild(BlockJUnit4ClassRunner.java:47)
	at org.junit.runners.ParentRunner$3.run(ParentRunner.java:231)
	at org.junit.runners.ParentRunner$1.schedule(ParentRunner.java:60)
	at org.junit.runners.ParentRunner.runChildren(ParentRunner.java:229)
	at org.junit.runners.ParentRunner.access$000(ParentRunner.java:50)
	at org.junit.runners.ParentRunner$2.evaluate(ParentRunner.java:222)
	at org.junit.runners.ParentRunner.run(ParentRunner.java:300)
	at org.junit.runners.Suite.runChild(Suite.java:128)
	at org.junit.runners.Suite.runChild(Suite.java:24)
	at org.junit.runners.ParentRunner$3.run(ParentRunner.java:231)
	at org.junit.runners.ParentRunner$1.schedule(ParentRunner.java:60)
	at org.junit.runners.ParentRunner.runChildren(ParentRunner.java:229)
	at org.junit.runners.ParentRunner.access$000(ParentRunner.java:50)
	at org.junit.runners.ParentRunner$2.evaluate(ParentRunner.java:222)
	at org.junit.runners.ParentRunner.run(ParentRunner.java:300)
	at junit.framework.JUnit4TestAdapter.run(JUnit4TestAdapter.java:39)
	at org.apache.tools.ant.taskdefs.optional.junit.JUnitTestRunner.run(JUnitTestRunner.java:532)
	at org.apache.tools.ant.taskdefs.optional.junit.JUnitTestRunner.launch(JUnitTestRunner.java:1179)
	at org.apache.tools.ant.taskdefs.optional.junit.JUnitTestRunner.main(JUnitTestRunner.java:1030)
[ERROR] 2015-07-23 11:12:39,408 github.satoshi_nakamoto2.lessWrongBookCreator.excelReader.SummaryFileReader getSummarySections - 
java.io.FileNotFoundException: Non Existing
	at org.apache.poi.ss.usermodel.WorkbookFactory.create(WorkbookFactory.java:201)
	at org.apache.poi.ss.usermodel.WorkbookFactory.create(WorkbookFactory.java:188)
	at github.satoshi_nakamoto2.lessWrongBookCreator.excelReader.SummaryFileReader.getSummarySections(SummaryFileReader.java:43)
	at github.satoshi_nakamoto2.lessWrongBookCreator.scraper.SummaryFileReaderTest.getSummarySections_FileNotExisting_ThrowsExcelExtractionException(SummaryFileReaderTest.java:29)
	at sun.reflect.NativeMethodAccessorImpl.invoke0(Native Method)
	at sun.reflect.NativeMethodAccessorImpl.invoke(NativeMethodAccessorImpl.java:62)
	at sun.reflect.DelegatingMethodAccessorImpl.invoke(DelegatingMethodAccessorImpl.java:43)
	at java.lang.reflect.Method.invoke(Method.java:497)
	at org.junit.runners.model.FrameworkMethod$1.runReflectiveCall(FrameworkMethod.java:45)
	at org.junit.internal.runners.model.ReflectiveCallable.run(ReflectiveCallable.java:15)
	at org.junit.runners.model.FrameworkMethod.invokeExplosively(FrameworkMethod.java:42)
	at org.junit.internal.runners.statements.InvokeMethod.evaluate(InvokeMethod.java:20)
	at org.junit.rules.ExpectedException$ExpectedExceptionStatement.evaluate(ExpectedException.java:110)
	at org.junit.rules.RunRules.evaluate(RunRules.java:18)
	at org.junit.runners.ParentRunner.runLeaf(ParentRunner.java:263)
	at org.junit.runners.BlockJUnit4ClassRunner.runChild(BlockJUnit4ClassRunner.java:68)
	at org.junit.runners.BlockJUnit4ClassRunner.runChild(BlockJUnit4ClassRunner.java:47)
	at org.junit.runners.ParentRunner$3.run(ParentRunner.java:231)
	at org.junit.runners.ParentRunner$1.schedule(ParentRunner.java:60)
	at org.junit.runners.ParentRunner.runChildren(ParentRunner.java:229)
	at org.junit.runners.ParentRunner.access$000(ParentRunner.java:50)
	at org.junit.runners.ParentRunner$2.evaluate(ParentRunner.java:222)
	at org.junit.runners.ParentRunner.run(ParentRunner.java:300)
	at org.junit.runners.Suite.runChild(Suite.java:128)
	at org.junit.runners.Suite.runChild(Suite.java:24)
	at org.junit.runners.ParentRunner$3.run(ParentRunner.java:231)
	at org.junit.runners.ParentRunner$1.schedule(ParentRunner.java:60)
	at org.junit.runners.ParentRunner.runChildren(ParentRunner.java:229)
	at org.junit.runners.ParentRunner.access$000(ParentRunner.java:50)
	at org.junit.runners.ParentRunner$2.evaluate(ParentRunner.java:222)
	at org.junit.runners.ParentRunner.run(ParentRunner.java:300)
	at junit.framework.JUnit4TestAdapter.run(JUnit4TestAdapter.java:39)
	at org.apache.tools.ant.taskdefs.optional.junit.JUnitTestRunner.run(JUnitTestRunner.java:532)
	at org.apache.tools.ant.taskdefs.optional.junit.JUnitTestRunner.launch(JUnitTestRunner.java:1179)
	at org.apache.tools.ant.taskdefs.optional.junit.JUnitTestRunner.main(JUnitTestRunner.java:1030)
[ERROR] 2015-07-23 11:32:26,232 github.satoshi_nakamoto2.lessWrongBookCreator.excelReader.SummaryFileReader getSummarySections - 
java.io.FileNotFoundException: D:\Documents and Settings\LeeSc\Desktop\New Folder\LessWrongBookCreator\resources\Test Files\Rationality AI to Zombies.xlsx (The process cannot access the file because it is being used by another process)
	at java.io.FileOutputStream.open0(Native Method)
	at java.io.FileOutputStream.open(FileOutputStream.java:270)
	at java.io.FileOutputStream.<init>(FileOutputStream.java:213)
	at java.io.FileOutputStream.<init>(FileOutputStream.java:162)
	at org.apache.poi.openxml4j.opc.internal.FileHelper.copyFile(FileHelper.java:68)
	at org.apache.poi.openxml4j.opc.ZipPackage.closeImpl(ZipPackage.java:359)
	at org.apache.poi.openxml4j.opc.OPCPackage.close(OPCPackage.java:426)
	at org.apache.poi.POIXMLDocument.close(POIXMLDocument.java:179)
	at org.apache.poi.xssf.usermodel.XSSFWorkbook.close(XSSFWorkbook.java:1558)
	at github.satoshi_nakamoto2.lessWrongBookCreator.excelReader.SummaryFileReader.getSummarySections(SummaryFileReader.java:60)
	at github.satoshi_nakamoto2.lessWrongBookCreator.GUI.MainFrame$7.doInBackground(MainFrame.java:472)
	at javax.swing.SwingWorker$1.call(SwingWorker.java:295)
	at java.util.concurrent.FutureTask.run(FutureTask.java:266)
	at javax.swing.SwingWorker.run(SwingWorker.java:334)
	at java.util.concurrent.ThreadPoolExecutor.runWorker(ThreadPoolExecutor.java:1142)
	at java.util.concurrent.ThreadPoolExecutor$Worker.run(ThreadPoolExecutor.java:617)
	at java.lang.Thread.run(Thread.java:745)
[ERROR] 2015-07-23 12:06:21,199 github.satoshi_nakamoto2.lessWrongBookCreator.excelReader.SummaryFileReader getSummarySections - 
java.io.FileNotFoundException: Non Existing
	at org.apache.poi.ss.usermodel.WorkbookFactory.create(WorkbookFactory.java:201)
	at org.apache.poi.ss.usermodel.WorkbookFactory.create(WorkbookFactory.java:188)
	at github.satoshi_nakamoto2.lessWrongBookCreator.excelReader.SummaryFileReader.getSummarySections(SummaryFileReader.java:43)
	at github.satoshi_nakamoto2.lessWrongBookCreator.scraper.SummaryFileReaderTest.getSummarySections_FileNotExisting_ThrowsExcelExtractionException(SummaryFileReaderTest.java:29)
	at sun.reflect.NativeMethodAccessorImpl.invoke0(Native Method)
	at sun.reflect.NativeMethodAccessorImpl.invoke(NativeMethodAccessorImpl.java:62)
	at sun.reflect.DelegatingMethodAccessorImpl.invoke(DelegatingMethodAccessorImpl.java:43)
	at java.lang.reflect.Method.invoke(Method.java:497)
	at org.junit.runners.model.FrameworkMethod$1.runReflectiveCall(FrameworkMethod.java:45)
	at org.junit.internal.runners.model.ReflectiveCallable.run(ReflectiveCallable.java:15)
	at org.junit.runners.model.FrameworkMethod.invokeExplosively(FrameworkMethod.java:42)
	at org.junit.internal.runners.statements.InvokeMethod.evaluate(InvokeMethod.java:20)
	at org.junit.rules.ExpectedException$ExpectedExceptionStatement.evaluate(ExpectedException.java:110)
	at org.junit.rules.RunRules.evaluate(RunRules.java:18)
	at org.junit.runners.ParentRunner.runLeaf(ParentRunner.java:263)
	at org.junit.runners.BlockJUnit4ClassRunner.runChild(BlockJUnit4ClassRunner.java:68)
	at org.junit.runners.BlockJUnit4ClassRunner.runChild(BlockJUnit4ClassRunner.java:47)
	at org.junit.runners.ParentRunner$3.run(ParentRunner.java:231)
	at org.junit.runners.ParentRunner$1.schedule(ParentRunner.java:60)
	at org.junit.runners.ParentRunner.runChildren(ParentRunner.java:229)
	at org.junit.runners.ParentRunner.access$000(ParentRunner.java:50)
	at org.junit.runners.ParentRunner$2.evaluate(ParentRunner.java:222)
	at org.junit.runners.ParentRunner.run(ParentRunner.java:300)
	at org.junit.runners.Suite.runChild(Suite.java:128)
	at org.junit.runners.Suite.runChild(Suite.java:24)
	at org.junit.runners.ParentRunner$3.run(ParentRunner.java:231)
	at org.junit.runners.ParentRunner$1.schedule(ParentRunner.java:60)
	at org.junit.runners.ParentRunner.runChildren(ParentRunner.java:229)
	at org.junit.runners.ParentRunner.access$000(ParentRunner.java:50)
	at org.junit.runners.ParentRunner$2.evaluate(ParentRunner.java:222)
	at org.junit.runners.ParentRunner.run(ParentRunner.java:300)
	at junit.framework.JUnit4TestAdapter.run(JUnit4TestAdapter.java:39)
	at org.apache.tools.ant.taskdefs.optional.junit.JUnitTestRunner.run(JUnitTestRunner.java:532)
	at org.apache.tools.ant.taskdefs.optional.junit.JUnitTestRunner.launch(JUnitTestRunner.java:1179)
	at org.apache.tools.ant.taskdefs.optional.junit.JUnitTestRunner.main(JUnitTestRunner.java:1030)
[ERROR] 2015-07-23 13:07:32,204 github.satoshi_nakamoto2.lessWrongBookCreator.scraper.PostSectionExtractor saveImage - IO exception for saving image src locally:  http://commonsenseatheism.com/wp-content/uploads/2011/01/procrastination-equation.png
java.io.IOException: Server returned HTTP response code: 403 for URL: http://commonsenseatheism.com/wp-content/uploads/2011/01/procrastination-equation.png
	at sun.net.www.protocol.http.HttpURLConnection.getInputStream0(HttpURLConnection.java:1839)
	at sun.net.www.protocol.http.HttpURLConnection.getInputStream(HttpURLConnection.java:1440)
	at java.net.URL.openStream(URL.java:1038)
	at github.satoshi_nakamoto2.lessWrongBookCreator.scraper.PostSectionExtractor.saveImage(PostSectionExtractor.java:57)
	at github.satoshi_nakamoto2.lessWrongBookCreator.scraper.PostSectionExtractor.convertImagesToLocal(PostSectionExtractor.java:42)
	at github.satoshi_nakamoto2.lessWrongBookCreator.scraper.BlogPostSectionExtractor.getPostSectionString(BlogPostSectionExtractor.java:41)
	at github.satoshi_nakamoto2.lessWrongBookCreator.scraper.PostScraper.getPostSection(PostScraper.java:60)
	at github.satoshi_nakamoto2.lessWrongBookCreator.scraper.GetPostSectionCallable.call(GetPostSectionCallable.java:19)
	at github.satoshi_nakamoto2.lessWrongBookCreator.scraper.GetPostSectionCallable.call(GetPostSectionCallable.java:9)
	at java.util.concurrent.FutureTask.run(FutureTask.java:266)
	at java.util.concurrent.ThreadPoolExecutor.runWorker(ThreadPoolExecutor.java:1142)
	at java.util.concurrent.ThreadPoolExecutor$Worker.run(ThreadPoolExecutor.java:617)
	at java.lang.Thread.run(Thread.java:745)
[ERROR] 2015-07-23 13:07:33,298 github.satoshi_nakamoto2.lessWrongBookCreator.scraper.PostSectionExtractor saveImage - IO exception for saving image src locally:  http://commonsenseatheism.com/wp-content/uploads/2011/01/procrastination-equation.png
java.io.IOException: Server returned HTTP response code: 403 for URL: http://commonsenseatheism.com/wp-content/uploads/2011/01/procrastination-equation.png
	at sun.net.www.protocol.http.HttpURLConnection.getInputStream0(HttpURLConnection.java:1839)
	at sun.net.www.protocol.http.HttpURLConnection.getInputStream(HttpURLConnection.java:1440)
	at java.net.URL.openStream(URL.java:1038)
	at github.satoshi_nakamoto2.lessWrongBookCreator.scraper.PostSectionExtractor.saveImage(PostSectionExtractor.java:57)
	at github.satoshi_nakamoto2.lessWrongBookCreator.scraper.PostSectionExtractor.convertImagesToLocal(PostSectionExtractor.java:42)
	at github.satoshi_nakamoto2.lessWrongBookCreator.scraper.BlogPostSectionExtractor.getPostSectionString(BlogPostSectionExtractor.java:41)
	at github.satoshi_nakamoto2.lessWrongBookCreator.scraper.PostScraper.getPostSection(PostScraper.java:60)
	at github.satoshi_nakamoto2.lessWrongBookCreator.scraper.GetPostSectionCallable.call(GetPostSectionCallable.java:19)
	at github.satoshi_nakamoto2.lessWrongBookCreator.scraper.GetPostSectionCallable.call(GetPostSectionCallable.java:9)
	at java.util.concurrent.FutureTask.run(FutureTask.java:266)
	at java.util.concurrent.ThreadPoolExecutor.runWorker(ThreadPoolExecutor.java:1142)
	at java.util.concurrent.ThreadPoolExecutor$Worker.run(ThreadPoolExecutor.java:617)
	at java.lang.Thread.run(Thread.java:745)
[ERROR] 2015-07-23 13:07:37,751 github.satoshi_nakamoto2.lessWrongBookCreator.GUI.CreateEbookSwingWorker getPostSections - 
java.util.concurrent.ExecutionException: github.satoshi_nakamoto2.lessWrongBookCreator.scraper.ExcelExtractionException: IO exception for saving image src locally:  http://commonsenseatheism.com/wp-content/uploads/2011/01/procrastination-equation.png
	at java.util.concurrent.FutureTask.report(FutureTask.java:122)
	at java.util.concurrent.FutureTask.get(FutureTask.java:192)
	at github.satoshi_nakamoto2.lessWrongBookCreator.GUI.CreateEbookSwingWorker.getPostSections(CreateEbookSwingWorker.java:216)
	at github.satoshi_nakamoto2.lessWrongBookCreator.GUI.CreateEbookSwingWorker.doInBackground(CreateEbookSwingWorker.java:96)
	at javax.swing.SwingWorker$1.call(SwingWorker.java:295)
	at java.util.concurrent.FutureTask.run(FutureTask.java:266)
	at javax.swing.SwingWorker.run(SwingWorker.java:334)
	at java.util.concurrent.ThreadPoolExecutor.runWorker(ThreadPoolExecutor.java:1142)
	at java.util.concurrent.ThreadPoolExecutor$Worker.run(ThreadPoolExecutor.java:617)
	at java.lang.Thread.run(Thread.java:745)
Caused by: github.satoshi_nakamoto2.lessWrongBookCreator.scraper.ExcelExtractionException: IO exception for saving image src locally:  http://commonsenseatheism.com/wp-content/uploads/2011/01/procrastination-equation.png
	at github.satoshi_nakamoto2.lessWrongBookCreator.scraper.PostSectionExtractor.saveImage(PostSectionExtractor.java:68)
	at github.satoshi_nakamoto2.lessWrongBookCreator.scraper.PostSectionExtractor.convertImagesToLocal(PostSectionExtractor.java:42)
	at github.satoshi_nakamoto2.lessWrongBookCreator.scraper.BlogPostSectionExtractor.getPostSectionString(BlogPostSectionExtractor.java:41)
	at github.satoshi_nakamoto2.lessWrongBookCreator.scraper.PostScraper.getPostSection(PostScraper.java:60)
	at github.satoshi_nakamoto2.lessWrongBookCreator.scraper.GetPostSectionCallable.call(GetPostSectionCallable.java:19)
	at github.satoshi_nakamoto2.lessWrongBookCreator.scraper.GetPostSectionCallable.call(GetPostSectionCallable.java:9)
	at java.util.concurrent.FutureTask.run(FutureTask.java:266)
	... 3 more
[ERROR] 2015-07-23 13:07:37,798 github.satoshi_nakamoto2.lessWrongBookCreator.bookGeneration.EBookCreator createBook - 
java.io.FileNotFoundException: D:\Documents and Settings\LeeSc\Desktop\New Folder\LessWrongBookCreator\.\htmlOutput\HowtoBeatProcrastination.html (The system cannot find the file specified)
	at java.io.FileInputStream.open0(Native Method)
	at java.io.FileInputStream.open(FileInputStream.java:195)
	at java.io.FileInputStream.<init>(FileInputStream.java:138)
	at java.io.FileInputStream.<init>(FileInputStream.java:93)
	at github.satoshi_nakamoto2.lessWrongBookCreator.bookGeneration.EBookCreator.createBook(EBookCreator.java:112)
	at github.satoshi_nakamoto2.lessWrongBookCreator.GUI.CreateEbookSwingWorker.doInBackground(CreateEbookSwingWorker.java:108)
	at javax.swing.SwingWorker$1.call(SwingWorker.java:295)
	at java.util.concurrent.FutureTask.run(FutureTask.java:266)
	at javax.swing.SwingWorker.run(SwingWorker.java:334)
	at java.util.concurrent.ThreadPoolExecutor.runWorker(ThreadPoolExecutor.java:1142)
	at java.util.concurrent.ThreadPoolExecutor$Worker.run(ThreadPoolExecutor.java:617)
	at java.lang.Thread.run(Thread.java:745)
[ERROR] 2015-07-23 13:07:46,892 github.satoshi_nakamoto2.lessWrongBookCreator.scraper.PostSectionExtractor saveImage - IO exception for saving image src locally:  http://commonsenseatheism.com/wp-content/uploads/2011/11/metaphors-we-live-by.jpg
java.io.IOException: Server returned HTTP response code: 403 for URL: http://commonsenseatheism.com/wp-content/uploads/2011/11/metaphors-we-live-by.jpg
	at sun.net.www.protocol.http.HttpURLConnection.getInputStream0(HttpURLConnection.java:1839)
	at sun.net.www.protocol.http.HttpURLConnection.getInputStream(HttpURLConnection.java:1440)
	at java.net.URL.openStream(URL.java:1038)
	at github.satoshi_nakamoto2.lessWrongBookCreator.scraper.PostSectionExtractor.saveImage(PostSectionExtractor.java:57)
	at github.satoshi_nakamoto2.lessWrongBookCreator.scraper.PostSectionExtractor.convertImagesToLocal(PostSectionExtractor.java:42)
	at github.satoshi_nakamoto2.lessWrongBookCreator.scraper.BlogPostSectionExtractor.getPostSectionString(BlogPostSectionExtractor.java:41)
	at github.satoshi_nakamoto2.lessWrongBookCreator.scraper.PostScraper.getPostSection(PostScraper.java:60)
	at github.satoshi_nakamoto2.lessWrongBookCreator.scraper.GetPostSectionCallable.call(GetPostSectionCallable.java:19)
	at github.satoshi_nakamoto2.lessWrongBookCreator.scraper.GetPostSectionCallable.call(GetPostSectionCallable.java:9)
	at java.util.concurrent.FutureTask.run(FutureTask.java:266)
	at java.util.concurrent.ThreadPoolExecutor.runWorker(ThreadPoolExecutor.java:1142)
	at java.util.concurrent.ThreadPoolExecutor$Worker.run(ThreadPoolExecutor.java:617)
	at java.lang.Thread.run(Thread.java:745)
[ERROR] 2015-07-23 13:07:48,204 github.satoshi_nakamoto2.lessWrongBookCreator.scraper.PostSectionExtractor saveImage - IO exception for saving image src locally:  http://commonsenseatheism.com/wp-content/uploads/2011/09/philosophy-in-the-flesh.jpg
java.io.IOException: Server returned HTTP response code: 403 for URL: http://commonsenseatheism.com/wp-content/uploads/2011/09/philosophy-in-the-flesh.jpg
	at sun.net.www.protocol.http.HttpURLConnection.getInputStream0(HttpURLConnection.java:1839)
	at sun.net.www.protocol.http.HttpURLConnection.getInputStream(HttpURLConnection.java:1440)
	at java.net.URL.openStream(URL.java:1038)
	at github.satoshi_nakamoto2.lessWrongBookCreator.scraper.PostSectionExtractor.saveImage(PostSectionExtractor.java:57)
	at github.satoshi_nakamoto2.lessWrongBookCreator.scraper.PostSectionExtractor.convertImagesToLocal(PostSectionExtractor.java:42)
	at github.satoshi_nakamoto2.lessWrongBookCreator.scraper.BlogPostSectionExtractor.getPostSectionString(BlogPostSectionExtractor.java:41)
	at github.satoshi_nakamoto2.lessWrongBookCreator.scraper.PostScraper.getPostSection(PostScraper.java:60)
	at github.satoshi_nakamoto2.lessWrongBookCreator.scraper.GetPostSectionCallable.call(GetPostSectionCallable.java:19)
	at github.satoshi_nakamoto2.lessWrongBookCreator.scraper.GetPostSectionCallable.call(GetPostSectionCallable.java:9)
	at java.util.concurrent.FutureTask.run(FutureTask.java:266)
	at java.util.concurrent.ThreadPoolExecutor.runWorker(ThreadPoolExecutor.java:1142)
	at java.util.concurrent.ThreadPoolExecutor$Worker.run(ThreadPoolExecutor.java:617)
	at java.lang.Thread.run(Thread.java:745)
[ERROR] 2015-07-23 13:07:49,189 github.satoshi_nakamoto2.lessWrongBookCreator.scraper.PostSectionExtractor saveImage - IO exception for saving image src locally:  http://commonsenseatheism.com/wp-content/uploads/2011/07/attractiveness-mean-and-variance.png
java.io.IOException: Server returned HTTP response code: 403 for URL: http://commonsenseatheism.com/wp-content/uploads/2011/07/attractiveness-mean-and-variance.png
	at sun.net.www.protocol.http.HttpURLConnection.getInputStream0(HttpURLConnection.java:1839)
	at sun.net.www.protocol.http.HttpURLConnection.getInputStream(HttpURLConnection.java:1440)
	at java.net.URL.openStream(URL.java:1038)
	at github.satoshi_nakamoto2.lessWrongBookCreator.scraper.PostSectionExtractor.saveImage(PostSectionExtractor.java:57)
	at github.satoshi_nakamoto2.lessWrongBookCreator.scraper.PostSectionExtractor.convertImagesToLocal(PostSectionExtractor.java:42)
	at github.satoshi_nakamoto2.lessWrongBookCreator.scraper.BlogPostSectionExtractor.getPostSectionString(BlogPostSectionExtractor.java:41)
	at github.satoshi_nakamoto2.lessWrongBookCreator.scraper.PostScraper.getPostSection(PostScraper.java:60)
	at github.satoshi_nakamoto2.lessWrongBookCreator.scraper.GetPostSectionCallable.call(GetPostSectionCallable.java:19)
	at github.satoshi_nakamoto2.lessWrongBookCreator.scraper.GetPostSectionCallable.call(GetPostSectionCallable.java:9)
	at java.util.concurrent.FutureTask.run(FutureTask.java:266)
	at java.util.concurrent.ThreadPoolExecutor.runWorker(ThreadPoolExecutor.java:1142)
	at java.util.concurrent.ThreadPoolExecutor$Worker.run(ThreadPoolExecutor.java:617)
	at java.lang.Thread.run(Thread.java:745)
[ERROR] 2015-07-23 13:07:50,829 github.satoshi_nakamoto2.lessWrongBookCreator.scraper.PostSectionExtractor saveImage - IO exception for saving image src locally:  http://commonsenseatheism.com/wp-content/uploads/2012/11/experimental-philosophy.jpg
java.io.IOException: Server returned HTTP response code: 403 for URL: http://commonsenseatheism.com/wp-content/uploads/2012/11/experimental-philosophy.jpg
	at sun.net.www.protocol.http.HttpURLConnection.getInputStream0(HttpURLConnection.java:1839)
	at sun.net.www.protocol.http.HttpURLConnection.getInputStream(HttpURLConnection.java:1440)
	at java.net.URL.openStream(URL.java:1038)
	at github.satoshi_nakamoto2.lessWrongBookCreator.scraper.PostSectionExtractor.saveImage(PostSectionExtractor.java:57)
	at github.satoshi_nakamoto2.lessWrongBookCreator.scraper.PostSectionExtractor.convertImagesToLocal(PostSectionExtractor.java:42)
	at github.satoshi_nakamoto2.lessWrongBookCreator.scraper.BlogPostSectionExtractor.getPostSectionString(BlogPostSectionExtractor.java:41)
	at github.satoshi_nakamoto2.lessWrongBookCreator.scraper.PostScraper.getPostSection(PostScraper.java:60)
	at github.satoshi_nakamoto2.lessWrongBookCreator.scraper.GetPostSectionCallable.call(GetPostSectionCallable.java:19)
	at github.satoshi_nakamoto2.lessWrongBookCreator.scraper.GetPostSectionCallable.call(GetPostSectionCallable.java:9)
	at java.util.concurrent.FutureTask.run(FutureTask.java:266)
	at java.util.concurrent.ThreadPoolExecutor.runWorker(ThreadPoolExecutor.java:1142)
	at java.util.concurrent.ThreadPoolExecutor$Worker.run(ThreadPoolExecutor.java:617)
	at java.lang.Thread.run(Thread.java:745)
[ERROR] 2015-07-23 13:07:54,345 github.satoshi_nakamoto2.lessWrongBookCreator.scraper.PostSectionExtractor saveImage - IO exception for saving image src locally:  http://commonsenseatheism.com/wp-content/uploads/2011/04/metaethics-flowchart-smallest.png
java.io.IOException: Server returned HTTP response code: 403 for URL: http://commonsenseatheism.com/wp-content/uploads/2011/04/metaethics-flowchart-smallest.png
	at sun.net.www.protocol.http.HttpURLConnection.getInputStream0(HttpURLConnection.java:1839)
	at sun.net.www.protocol.http.HttpURLConnection.getInputStream(HttpURLConnection.java:1440)
	at java.net.URL.openStream(URL.java:1038)
	at github.satoshi_nakamoto2.lessWrongBookCreator.scraper.PostSectionExtractor.saveImage(PostSectionExtractor.java:57)
	at github.satoshi_nakamoto2.lessWrongBookCreator.scraper.PostSectionExtractor.convertImagesToLocal(PostSectionExtractor.java:42)
	at github.satoshi_nakamoto2.lessWrongBookCreator.scraper.BlogPostSectionExtractor.getPostSectionString(BlogPostSectionExtractor.java:41)
	at github.satoshi_nakamoto2.lessWrongBookCreator.scraper.PostScraper.getPostSection(PostScraper.java:60)
	at github.satoshi_nakamoto2.lessWrongBookCreator.scraper.GetPostSectionCallable.call(GetPostSectionCallable.java:19)
	at github.satoshi_nakamoto2.lessWrongBookCreator.scraper.GetPostSectionCallable.call(GetPostSectionCallable.java:9)
	at java.util.concurrent.FutureTask.run(FutureTask.java:266)
	at java.util.concurrent.ThreadPoolExecutor.runWorker(ThreadPoolExecutor.java:1142)
	at java.util.concurrent.ThreadPoolExecutor$Worker.run(ThreadPoolExecutor.java:617)
	at java.lang.Thread.run(Thread.java:745)
[ERROR] 2015-07-23 13:10:25,751 github.satoshi_nakamoto2.lessWrongBookCreator.scraper.PostSectionExtractor saveImage - IO exception for saving image src locally:  http://commonsenseatheism.com/wp-content/uploads/2011/01/procrastination-equation.png
java.io.IOException: Server returned HTTP response code: 403 for URL: http://commonsenseatheism.com/wp-content/uploads/2011/01/procrastination-equation.png
	at sun.net.www.protocol.http.HttpURLConnection.getInputStream0(HttpURLConnection.java:1839)
	at sun.net.www.protocol.http.HttpURLConnection.getInputStream(HttpURLConnection.java:1440)
	at java.net.URL.openStream(URL.java:1038)
	at github.satoshi_nakamoto2.lessWrongBookCreator.scraper.PostSectionExtractor.saveImage(PostSectionExtractor.java:55)
	at github.satoshi_nakamoto2.lessWrongBookCreator.scraper.PostSectionExtractor.convertImagesToLocal(PostSectionExtractor.java:41)
	at github.satoshi_nakamoto2.lessWrongBookCreator.scraper.BlogPostSectionExtractor.getPostSectionString(BlogPostSectionExtractor.java:41)
	at github.satoshi_nakamoto2.lessWrongBookCreator.scraper.PostScraper.getPostSection(PostScraper.java:60)
	at github.satoshi_nakamoto2.lessWrongBookCreator.scraper.GetPostSectionCallable.call(GetPostSectionCallable.java:19)
	at github.satoshi_nakamoto2.lessWrongBookCreator.scraper.GetPostSectionCallable.call(GetPostSectionCallable.java:9)
	at java.util.concurrent.FutureTask.run(FutureTask.java:266)
	at java.util.concurrent.ThreadPoolExecutor.runWorker(ThreadPoolExecutor.java:1142)
	at java.util.concurrent.ThreadPoolExecutor$Worker.run(ThreadPoolExecutor.java:617)
	at java.lang.Thread.run(Thread.java:745)
[ERROR] 2015-07-23 13:10:25,782 github.satoshi_nakamoto2.lessWrongBookCreator.scraper.PostSectionExtractor saveImage - IO exception for saving image src locally:  http://commonsenseatheism.com/wp-content/uploads/2011/01/procrastination-equation.png
java.io.IOException: Server returned HTTP response code: 403 for URL: http://commonsenseatheism.com/wp-content/uploads/2011/01/procrastination-equation.png
	at sun.net.www.protocol.http.HttpURLConnection.getInputStream0(HttpURLConnection.java:1839)
	at sun.net.www.protocol.http.HttpURLConnection.getInputStream(HttpURLConnection.java:1440)
	at java.net.URL.openStream(URL.java:1038)
	at github.satoshi_nakamoto2.lessWrongBookCreator.scraper.PostSectionExtractor.saveImage(PostSectionExtractor.java:55)
	at github.satoshi_nakamoto2.lessWrongBookCreator.scraper.PostSectionExtractor.convertImagesToLocal(PostSectionExtractor.java:41)
	at github.satoshi_nakamoto2.lessWrongBookCreator.scraper.BlogPostSectionExtractor.getPostSectionString(BlogPostSectionExtractor.java:41)
	at github.satoshi_nakamoto2.lessWrongBookCreator.scraper.PostScraper.getPostSection(PostScraper.java:60)
	at github.satoshi_nakamoto2.lessWrongBookCreator.scraper.GetPostSectionCallable.call(GetPostSectionCallable.java:19)
	at github.satoshi_nakamoto2.lessWrongBookCreator.scraper.GetPostSectionCallable.call(GetPostSectionCallable.java:9)
	at java.util.concurrent.FutureTask.run(FutureTask.java:266)
	at java.util.concurrent.ThreadPoolExecutor.runWorker(ThreadPoolExecutor.java:1142)
	at java.util.concurrent.ThreadPoolExecutor$Worker.run(ThreadPoolExecutor.java:617)
	at java.lang.Thread.run(Thread.java:745)
[ERROR] 2015-07-23 13:10:39,423 github.satoshi_nakamoto2.lessWrongBookCreator.scraper.PostSectionExtractor saveImage - IO exception for saving image src locally:  http://commonsenseatheism.com/wp-content/uploads/2011/09/philosophy-in-the-flesh.jpg
java.io.IOException: Server returned HTTP response code: 403 for URL: http://commonsenseatheism.com/wp-content/uploads/2011/09/philosophy-in-the-flesh.jpg
	at sun.net.www.protocol.http.HttpURLConnection.getInputStream0(HttpURLConnection.java:1839)
	at sun.net.www.protocol.http.HttpURLConnection.getInputStream(HttpURLConnection.java:1440)
	at java.net.URL.openStream(URL.java:1038)
	at github.satoshi_nakamoto2.lessWrongBookCreator.scraper.PostSectionExtractor.saveImage(PostSectionExtractor.java:55)
	at github.satoshi_nakamoto2.lessWrongBookCreator.scraper.PostSectionExtractor.convertImagesToLocal(PostSectionExtractor.java:41)
	at github.satoshi_nakamoto2.lessWrongBookCreator.scraper.BlogPostSectionExtractor.getPostSectionString(BlogPostSectionExtractor.java:41)
	at github.satoshi_nakamoto2.lessWrongBookCreator.scraper.PostScraper.getPostSection(PostScraper.java:60)
	at github.satoshi_nakamoto2.lessWrongBookCreator.scraper.GetPostSectionCallable.call(GetPostSectionCallable.java:19)
	at github.satoshi_nakamoto2.lessWrongBookCreator.scraper.GetPostSectionCallable.call(GetPostSectionCallable.java:9)
	at java.util.concurrent.FutureTask.run(FutureTask.java:266)
	at java.util.concurrent.ThreadPoolExecutor.runWorker(ThreadPoolExecutor.java:1142)
	at java.util.concurrent.ThreadPoolExecutor$Worker.run(ThreadPoolExecutor.java:617)
	at java.lang.Thread.run(Thread.java:745)
[ERROR] 2015-07-23 13:10:41,376 github.satoshi_nakamoto2.lessWrongBookCreator.scraper.PostSectionExtractor saveImage - IO exception for saving image src locally:  http://commonsenseatheism.com/wp-content/uploads/2012/11/experimental-philosophy.jpg
java.io.IOException: Server returned HTTP response code: 403 for URL: http://commonsenseatheism.com/wp-content/uploads/2012/11/experimental-philosophy.jpg
	at sun.net.www.protocol.http.HttpURLConnection.getInputStream0(HttpURLConnection.java:1839)
	at sun.net.www.protocol.http.HttpURLConnection.getInputStream(HttpURLConnection.java:1440)
	at java.net.URL.openStream(URL.java:1038)
	at github.satoshi_nakamoto2.lessWrongBookCreator.scraper.PostSectionExtractor.saveImage(PostSectionExtractor.java:55)
	at github.satoshi_nakamoto2.lessWrongBookCreator.scraper.PostSectionExtractor.convertImagesToLocal(PostSectionExtractor.java:41)
	at github.satoshi_nakamoto2.lessWrongBookCreator.scraper.BlogPostSectionExtractor.getPostSectionString(BlogPostSectionExtractor.java:41)
	at github.satoshi_nakamoto2.lessWrongBookCreator.scraper.PostScraper.getPostSection(PostScraper.java:60)
	at github.satoshi_nakamoto2.lessWrongBookCreator.scraper.GetPostSectionCallable.call(GetPostSectionCallable.java:19)
	at github.satoshi_nakamoto2.lessWrongBookCreator.scraper.GetPostSectionCallable.call(GetPostSectionCallable.java:9)
	at java.util.concurrent.FutureTask.run(FutureTask.java:266)
	at java.util.concurrent.ThreadPoolExecutor.runWorker(ThreadPoolExecutor.java:1142)
	at java.util.concurrent.ThreadPoolExecutor$Worker.run(ThreadPoolExecutor.java:617)
	at java.lang.Thread.run(Thread.java:745)
[ERROR] 2015-07-23 13:10:42,157 github.satoshi_nakamoto2.lessWrongBookCreator.scraper.PostSectionExtractor saveImage - IO exception for saving image src locally:  http://commonsenseatheism.com/wp-content/uploads/2011/11/metaphors-we-live-by.jpg
java.io.IOException: Server returned HTTP response code: 403 for URL: http://commonsenseatheism.com/wp-content/uploads/2011/11/metaphors-we-live-by.jpg
	at sun.net.www.protocol.http.HttpURLConnection.getInputStream0(HttpURLConnection.java:1839)
	at sun.net.www.protocol.http.HttpURLConnection.getInputStream(HttpURLConnection.java:1440)
	at java.net.URL.openStream(URL.java:1038)
	at github.satoshi_nakamoto2.lessWrongBookCreator.scraper.PostSectionExtractor.saveImage(PostSectionExtractor.java:55)
	at github.satoshi_nakamoto2.lessWrongBookCreator.scraper.PostSectionExtractor.convertImagesToLocal(PostSectionExtractor.java:41)
	at github.satoshi_nakamoto2.lessWrongBookCreator.scraper.BlogPostSectionExtractor.getPostSectionString(BlogPostSectionExtractor.java:41)
	at github.satoshi_nakamoto2.lessWrongBookCreator.scraper.PostScraper.getPostSection(PostScraper.java:60)
	at github.satoshi_nakamoto2.lessWrongBookCreator.scraper.GetPostSectionCallable.call(GetPostSectionCallable.java:19)
	at github.satoshi_nakamoto2.lessWrongBookCreator.scraper.GetPostSectionCallable.call(GetPostSectionCallable.java:9)
	at java.util.concurrent.FutureTask.run(FutureTask.java:266)
	at java.util.concurrent.ThreadPoolExecutor.runWorker(ThreadPoolExecutor.java:1142)
	at java.util.concurrent.ThreadPoolExecutor$Worker.run(ThreadPoolExecutor.java:617)
	at java.lang.Thread.run(Thread.java:745)
[ERROR] 2015-07-23 13:10:43,751 github.satoshi_nakamoto2.lessWrongBookCreator.scraper.PostSectionExtractor saveImage - IO exception for saving image src locally:  http://commonsenseatheism.com/wp-content/uploads/2011/07/attractiveness-mean-and-variance.png
java.io.IOException: Server returned HTTP response code: 403 for URL: http://commonsenseatheism.com/wp-content/uploads/2011/07/attractiveness-mean-and-variance.png
	at sun.net.www.protocol.http.HttpURLConnection.getInputStream0(HttpURLConnection.java:1839)
	at sun.net.www.protocol.http.HttpURLConnection.getInputStream(HttpURLConnection.java:1440)
	at java.net.URL.openStream(URL.java:1038)
	at github.satoshi_nakamoto2.lessWrongBookCreator.scraper.PostSectionExtractor.saveImage(PostSectionExtractor.java:55)
	at github.satoshi_nakamoto2.lessWrongBookCreator.scraper.PostSectionExtractor.convertImagesToLocal(PostSectionExtractor.java:41)
	at github.satoshi_nakamoto2.lessWrongBookCreator.scraper.BlogPostSectionExtractor.getPostSectionString(BlogPostSectionExtractor.java:41)
	at github.satoshi_nakamoto2.lessWrongBookCreator.scraper.PostScraper.getPostSection(PostScraper.java:60)
	at github.satoshi_nakamoto2.lessWrongBookCreator.scraper.GetPostSectionCallable.call(GetPostSectionCallable.java:19)
	at github.satoshi_nakamoto2.lessWrongBookCreator.scraper.GetPostSectionCallable.call(GetPostSectionCallable.java:9)
	at java.util.concurrent.FutureTask.run(FutureTask.java:266)
	at java.util.concurrent.ThreadPoolExecutor.runWorker(ThreadPoolExecutor.java:1142)
	at java.util.concurrent.ThreadPoolExecutor$Worker.run(ThreadPoolExecutor.java:617)
	at java.lang.Thread.run(Thread.java:745)
[ERROR] 2015-07-23 13:10:46,939 github.satoshi_nakamoto2.lessWrongBookCreator.scraper.PostSectionExtractor saveImage - IO exception for saving image src locally:  http://commonsenseatheism.com/wp-content/uploads/2011/04/metaethics-flowchart-smallest.png
java.io.IOException: Server returned HTTP response code: 403 for URL: http://commonsenseatheism.com/wp-content/uploads/2011/04/metaethics-flowchart-smallest.png
	at sun.net.www.protocol.http.HttpURLConnection.getInputStream0(HttpURLConnection.java:1839)
	at sun.net.www.protocol.http.HttpURLConnection.getInputStream(HttpURLConnection.java:1440)
	at java.net.URL.openStream(URL.java:1038)
	at github.satoshi_nakamoto2.lessWrongBookCreator.scraper.PostSectionExtractor.saveImage(PostSectionExtractor.java:55)
	at github.satoshi_nakamoto2.lessWrongBookCreator.scraper.PostSectionExtractor.convertImagesToLocal(PostSectionExtractor.java:41)
	at github.satoshi_nakamoto2.lessWrongBookCreator.scraper.BlogPostSectionExtractor.getPostSectionString(BlogPostSectionExtractor.java:41)
	at github.satoshi_nakamoto2.lessWrongBookCreator.scraper.PostScraper.getPostSection(PostScraper.java:60)
	at github.satoshi_nakamoto2.lessWrongBookCreator.scraper.GetPostSectionCallable.call(GetPostSectionCallable.java:19)
	at github.satoshi_nakamoto2.lessWrongBookCreator.scraper.GetPostSectionCallable.call(GetPostSectionCallable.java:9)
	at java.util.concurrent.FutureTask.run(FutureTask.java:266)
	at java.util.concurrent.ThreadPoolExecutor.runWorker(ThreadPoolExecutor.java:1142)
	at java.util.concurrent.ThreadPoolExecutor$Worker.run(ThreadPoolExecutor.java:617)
	at java.lang.Thread.run(Thread.java:745)
[ERROR] 2015-07-23 15:11:02,127 github.satoshi_nakamoto2.lessWrongBookCreator.excelReader.SummaryFileReader getSummarySections - 
java.io.FileNotFoundException: Non Existing
	at org.apache.poi.ss.usermodel.WorkbookFactory.create(WorkbookFactory.java:201)
	at org.apache.poi.ss.usermodel.WorkbookFactory.create(WorkbookFactory.java:188)
	at github.satoshi_nakamoto2.lessWrongBookCreator.excelReader.SummaryFileReader.getSummarySections(SummaryFileReader.java:42)
	at github.satoshi_nakamoto2.lessWrongBookCreator.scraper.SummaryFileReaderTest.getSummarySections_FileNotExisting_ThrowsExcelExtractionException(SummaryFileReaderTest.java:26)
	at sun.reflect.NativeMethodAccessorImpl.invoke0(Native Method)
	at sun.reflect.NativeMethodAccessorImpl.invoke(NativeMethodAccessorImpl.java:62)
	at sun.reflect.DelegatingMethodAccessorImpl.invoke(DelegatingMethodAccessorImpl.java:43)
	at java.lang.reflect.Method.invoke(Method.java:497)
	at org.junit.runners.model.FrameworkMethod$1.runReflectiveCall(FrameworkMethod.java:45)
	at org.junit.internal.runners.model.ReflectiveCallable.run(ReflectiveCallable.java:15)
	at org.junit.runners.model.FrameworkMethod.invokeExplosively(FrameworkMethod.java:42)
	at org.junit.internal.runners.statements.InvokeMethod.evaluate(InvokeMethod.java:20)
	at org.junit.rules.ExpectedException$ExpectedExceptionStatement.evaluate(ExpectedException.java:110)
	at org.junit.rules.RunRules.evaluate(RunRules.java:18)
	at org.junit.runners.ParentRunner.runLeaf(ParentRunner.java:263)
	at org.junit.runners.BlockJUnit4ClassRunner.runChild(BlockJUnit4ClassRunner.java:68)
	at org.junit.runners.BlockJUnit4ClassRunner.runChild(BlockJUnit4ClassRunner.java:47)
	at org.junit.runners.ParentRunner$3.run(ParentRunner.java:231)
	at org.junit.runners.ParentRunner$1.schedule(ParentRunner.java:60)
	at org.junit.runners.ParentRunner.runChildren(ParentRunner.java:229)
	at org.junit.runners.ParentRunner.access$000(ParentRunner.java:50)
	at org.junit.runners.ParentRunner$2.evaluate(ParentRunner.java:222)
	at org.junit.runners.ParentRunner.run(ParentRunner.java:300)
	at org.junit.runners.Suite.runChild(Suite.java:128)
	at org.junit.runners.Suite.runChild(Suite.java:24)
	at org.junit.runners.ParentRunner$3.run(ParentRunner.java:231)
	at org.junit.runners.ParentRunner$1.schedule(ParentRunner.java:60)
	at org.junit.runners.ParentRunner.runChildren(ParentRunner.java:229)
	at org.junit.runners.ParentRunner.access$000(ParentRunner.java:50)
	at org.junit.runners.ParentRunner$2.evaluate(ParentRunner.java:222)
	at org.junit.runners.ParentRunner.run(ParentRunner.java:300)
	at junit.framework.JUnit4TestAdapter.run(JUnit4TestAdapter.java:39)
	at org.apache.tools.ant.taskdefs.optional.junit.JUnitTestRunner.run(JUnitTestRunner.java:532)
	at org.apache.tools.ant.taskdefs.optional.junit.JUnitTestRunner.launch(JUnitTestRunner.java:1179)
	at org.apache.tools.ant.taskdefs.optional.junit.JUnitTestRunner.main(JUnitTestRunner.java:1030)
[ERROR] 2015-07-23 15:14:12,345 github.satoshi_nakamoto2.lessWrongBookCreator.scraper.PostScraper getPostSection - Unable to connect to site http://lesswrong.com/lw/up/shut_up_and_do_the_impossible/?all=true
java.net.SocketException: Connection reset
	at java.net.SocketInputStream.read(SocketInputStream.java:209)
	at java.net.SocketInputStream.read(SocketInputStream.java:141)
	at java.io.BufferedInputStream.fill(BufferedInputStream.java:246)
	at java.io.BufferedInputStream.read1(BufferedInputStream.java:286)
	at java.io.BufferedInputStream.read(BufferedInputStream.java:345)
	at sun.net.www.http.ChunkedInputStream.fastRead(ChunkedInputStream.java:244)
	at sun.net.www.http.ChunkedInputStream.read(ChunkedInputStream.java:689)
	at java.io.FilterInputStream.read(FilterInputStream.java:133)
	at sun.net.www.protocol.http.HttpURLConnection$HttpInputStream.read(HttpURLConnection.java:3335)
	at java.util.zip.InflaterInputStream.fill(InflaterInputStream.java:238)
	at java.util.zip.InflaterInputStream.read(InflaterInputStream.java:158)
	at java.util.zip.GZIPInputStream.read(GZIPInputStream.java:117)
	at java.io.BufferedInputStream.read1(BufferedInputStream.java:284)
	at java.io.BufferedInputStream.read(BufferedInputStream.java:345)
	at java.io.FilterInputStream.read(FilterInputStream.java:107)
	at org.jsoup.helper.DataUtil.readToByteBuffer(DataUtil.java:154)
	at org.jsoup.helper.HttpConnection$Response.execute(HttpConnection.java:560)
	at org.jsoup.helper.HttpConnection$Response.execute(HttpConnection.java:493)
	at org.jsoup.helper.HttpConnection.execute(HttpConnection.java:205)
	at org.jsoup.helper.HttpConnection.get(HttpConnection.java:194)
	at github.satoshi_nakamoto2.lessWrongBookCreator.scraper.PostScraper.getPostSection(PostScraper.java:34)
	at github.satoshi_nakamoto2.lessWrongBookCreator.scraper.GetPostSectionCallable.call(GetPostSectionCallable.java:18)
	at github.satoshi_nakamoto2.lessWrongBookCreator.scraper.GetPostSectionCallable.call(GetPostSectionCallable.java:8)
	at java.util.concurrent.FutureTask.run(FutureTask.java:266)
	at java.util.concurrent.ThreadPoolExecutor.runWorker(ThreadPoolExecutor.java:1142)
	at java.util.concurrent.ThreadPoolExecutor$Worker.run(ThreadPoolExecutor.java:617)
	at java.lang.Thread.run(Thread.java:745)
[ERROR] 2015-07-23 15:23:24,547 github.satoshi_nakamoto2.lessWrongBookCreator.excelReader.SummaryFileReader getSummarySections - 
java.io.FileNotFoundException: D:\Documents and Settings\LeeSc\Desktop\Rationality AI to Zombies.xlsx (The process cannot access the file because it is being used by another process)
	at java.io.FileOutputStream.open0(Native Method)
	at java.io.FileOutputStream.open(FileOutputStream.java:270)
	at java.io.FileOutputStream.<init>(FileOutputStream.java:213)
	at java.io.FileOutputStream.<init>(FileOutputStream.java:162)
	at org.apache.poi.openxml4j.opc.internal.FileHelper.copyFile(FileHelper.java:68)
	at org.apache.poi.openxml4j.opc.ZipPackage.closeImpl(ZipPackage.java:359)
	at org.apache.poi.openxml4j.opc.OPCPackage.close(OPCPackage.java:426)
	at org.apache.poi.POIXMLDocument.close(POIXMLDocument.java:179)
	at org.apache.poi.xssf.usermodel.XSSFWorkbook.close(XSSFWorkbook.java:1558)
	at github.satoshi_nakamoto2.lessWrongBookCreator.excelReader.SummaryFileReader.getSummarySections(SummaryFileReader.java:59)
	at github.satoshi_nakamoto2.lessWrongBookCreator.GUI.CreateEbookSwingWorker.doInBackground(CreateEbookSwingWorker.java:81)
	at javax.swing.SwingWorker$1.call(SwingWorker.java:295)
	at java.util.concurrent.FutureTask.run(FutureTask.java:266)
	at javax.swing.SwingWorker.run(SwingWorker.java:334)
	at java.util.concurrent.ThreadPoolExecutor.runWorker(ThreadPoolExecutor.java:1142)
	at java.util.concurrent.ThreadPoolExecutor$Worker.run(ThreadPoolExecutor.java:617)
	at java.lang.Thread.run(Thread.java:745)
[ERROR] 2015-07-23 15:28:16,426 github.satoshi_nakamoto2.lessWrongBookCreator.scraper.PostScraper getPostSection - Unable to connect to site http://lesswrong.com/lw/m4/two_cult_koans/?all=true
java.net.SocketTimeoutException: Read timed out
	at java.net.SocketInputStream.socketRead0(Native Method)
	at java.net.SocketInputStream.socketRead(SocketInputStream.java:116)
	at java.net.SocketInputStream.read(SocketInputStream.java:170)
	at java.net.SocketInputStream.read(SocketInputStream.java:141)
	at java.io.BufferedInputStream.fill(BufferedInputStream.java:246)
	at java.io.BufferedInputStream.read1(BufferedInputStream.java:286)
	at java.io.BufferedInputStream.read(BufferedInputStream.java:345)
	at sun.net.www.MeteredStream.read(MeteredStream.java:134)
	at java.io.FilterInputStream.read(FilterInputStream.java:133)
	at sun.net.www.protocol.http.HttpURLConnection$HttpInputStream.read(HttpURLConnection.java:3335)
	at java.util.zip.InflaterInputStream.fill(InflaterInputStream.java:238)
	at java.util.zip.InflaterInputStream.read(InflaterInputStream.java:158)
	at java.util.zip.GZIPInputStream.read(GZIPInputStream.java:117)
	at java.io.BufferedInputStream.read1(BufferedInputStream.java:284)
	at java.io.BufferedInputStream.read(BufferedInputStream.java:345)
	at java.io.FilterInputStream.read(FilterInputStream.java:107)
	at org.jsoup.helper.DataUtil.readToByteBuffer(DataUtil.java:154)
	at org.jsoup.helper.HttpConnection$Response.execute(HttpConnection.java:560)
	at org.jsoup.helper.HttpConnection$Response.execute(HttpConnection.java:493)
	at org.jsoup.helper.HttpConnection.execute(HttpConnection.java:205)
	at org.jsoup.helper.HttpConnection.get(HttpConnection.java:194)
	at github.satoshi_nakamoto2.lessWrongBookCreator.scraper.PostScraper.getPostSection(PostScraper.java:34)
	at github.satoshi_nakamoto2.lessWrongBookCreator.scraper.GetPostSectionCallable.call(GetPostSectionCallable.java:18)
	at github.satoshi_nakamoto2.lessWrongBookCreator.scraper.GetPostSectionCallable.call(GetPostSectionCallable.java:8)
	at java.util.concurrent.FutureTask.run(FutureTask.java:266)
	at java.util.concurrent.ThreadPoolExecutor.runWorker(ThreadPoolExecutor.java:1142)
	at java.util.concurrent.ThreadPoolExecutor$Worker.run(ThreadPoolExecutor.java:617)
	at java.lang.Thread.run(Thread.java:745)
[ERROR] 2015-07-23 15:30:41,798 github.satoshi_nakamoto2.lessWrongBookCreator.scraper.PostScraper getPostSection - Unable to connect to site http://lesswrong.com/lw/iv/the_futility_of_emergence/?all=true
java.net.SocketException: Connection reset
	at java.net.SocketInputStream.read(SocketInputStream.java:209)
	at java.net.SocketInputStream.read(SocketInputStream.java:141)
	at java.io.BufferedInputStream.fill(BufferedInputStream.java:246)
	at java.io.BufferedInputStream.read1(BufferedInputStream.java:286)
	at java.io.BufferedInputStream.read(BufferedInputStream.java:345)
	at sun.net.www.http.ChunkedInputStream.fastRead(ChunkedInputStream.java:244)
	at sun.net.www.http.ChunkedInputStream.read(ChunkedInputStream.java:689)
	at java.io.FilterInputStream.read(FilterInputStream.java:133)
	at sun.net.www.protocol.http.HttpURLConnection$HttpInputStream.read(HttpURLConnection.java:3335)
	at java.util.zip.InflaterInputStream.fill(InflaterInputStream.java:238)
	at java.util.zip.InflaterInputStream.read(InflaterInputStream.java:158)
	at java.util.zip.GZIPInputStream.read(GZIPInputStream.java:117)
	at java.io.BufferedInputStream.read1(BufferedInputStream.java:284)
	at java.io.BufferedInputStream.read(BufferedInputStream.java:345)
	at java.io.FilterInputStream.read(FilterInputStream.java:107)
	at org.jsoup.helper.DataUtil.readToByteBuffer(DataUtil.java:154)
	at org.jsoup.helper.HttpConnection$Response.execute(HttpConnection.java:560)
	at org.jsoup.helper.HttpConnection$Response.execute(HttpConnection.java:493)
	at org.jsoup.helper.HttpConnection.execute(HttpConnection.java:205)
	at org.jsoup.helper.HttpConnection.get(HttpConnection.java:194)
	at github.satoshi_nakamoto2.lessWrongBookCreator.scraper.PostScraper.getPostSection(PostScraper.java:34)
	at github.satoshi_nakamoto2.lessWrongBookCreator.scraper.GetPostSectionCallable.call(GetPostSectionCallable.java:18)
	at github.satoshi_nakamoto2.lessWrongBookCreator.scraper.GetPostSectionCallable.call(GetPostSectionCallable.java:8)
	at java.util.concurrent.FutureTask.run(FutureTask.java:266)
	at java.util.concurrent.ThreadPoolExecutor.runWorker(ThreadPoolExecutor.java:1142)
	at java.util.concurrent.ThreadPoolExecutor$Worker.run(ThreadPoolExecutor.java:617)
	at java.lang.Thread.run(Thread.java:745)
[ERROR] 2015-07-23 15:30:43,845 github.satoshi_nakamoto2.lessWrongBookCreator.scraper.PostScraper getPostSection - Unable to connect to site http://lesswrong.com/lw/j0/making_history_available/?all=true
java.net.SocketException: Connection reset
	at java.net.SocketInputStream.read(SocketInputStream.java:209)
	at java.net.SocketInputStream.read(SocketInputStream.java:141)
	at java.io.BufferedInputStream.fill(BufferedInputStream.java:246)
	at java.io.BufferedInputStream.read1(BufferedInputStream.java:286)
	at java.io.BufferedInputStream.read(BufferedInputStream.java:345)
	at sun.net.www.MeteredStream.read(MeteredStream.java:134)
	at java.io.FilterInputStream.read(FilterInputStream.java:133)
	at sun.net.www.protocol.http.HttpURLConnection$HttpInputStream.read(HttpURLConnection.java:3335)
	at java.util.zip.InflaterInputStream.fill(InflaterInputStream.java:238)
	at java.util.zip.InflaterInputStream.read(InflaterInputStream.java:158)
	at java.util.zip.GZIPInputStream.read(GZIPInputStream.java:117)
	at java.io.BufferedInputStream.read1(BufferedInputStream.java:284)
	at java.io.BufferedInputStream.read(BufferedInputStream.java:345)
	at java.io.FilterInputStream.read(FilterInputStream.java:107)
	at org.jsoup.helper.DataUtil.readToByteBuffer(DataUtil.java:154)
	at org.jsoup.helper.HttpConnection$Response.execute(HttpConnection.java:560)
	at org.jsoup.helper.HttpConnection$Response.execute(HttpConnection.java:493)
	at org.jsoup.helper.HttpConnection.execute(HttpConnection.java:205)
	at org.jsoup.helper.HttpConnection.get(HttpConnection.java:194)
	at github.satoshi_nakamoto2.lessWrongBookCreator.scraper.PostScraper.getPostSection(PostScraper.java:34)
	at github.satoshi_nakamoto2.lessWrongBookCreator.scraper.GetPostSectionCallable.call(GetPostSectionCallable.java:18)
	at github.satoshi_nakamoto2.lessWrongBookCreator.scraper.GetPostSectionCallable.call(GetPostSectionCallable.java:8)
	at java.util.concurrent.FutureTask.run(FutureTask.java:266)
	at java.util.concurrent.ThreadPoolExecutor.runWorker(ThreadPoolExecutor.java:1142)
	at java.util.concurrent.ThreadPoolExecutor$Worker.run(ThreadPoolExecutor.java:617)
	at java.lang.Thread.run(Thread.java:745)
[ERROR] 2015-07-23 15:32:05,406 github.satoshi_nakamoto2.lessWrongBookCreator.scraper.PostScraper getPostSection - Unable to connect to site http://lesswrong.com/lw/rf/ghosts_in_the_machine/?all=true
java.net.SocketException: Connection reset
	at java.net.SocketInputStream.read(SocketInputStream.java:209)
	at java.net.SocketInputStream.read(SocketInputStream.java:141)
	at java.io.BufferedInputStream.fill(BufferedInputStream.java:246)
	at java.io.BufferedInputStream.read1(BufferedInputStream.java:286)
	at java.io.BufferedInputStream.read(BufferedInputStream.java:345)
	at sun.net.www.MeteredStream.read(MeteredStream.java:134)
	at java.io.FilterInputStream.read(FilterInputStream.java:133)
	at sun.net.www.protocol.http.HttpURLConnection$HttpInputStream.read(HttpURLConnection.java:3335)
	at java.util.zip.InflaterInputStream.fill(InflaterInputStream.java:238)
	at java.util.zip.InflaterInputStream.read(InflaterInputStream.java:158)
	at java.util.zip.GZIPInputStream.read(GZIPInputStream.java:117)
	at java.io.BufferedInputStream.read1(BufferedInputStream.java:284)
	at java.io.BufferedInputStream.read(BufferedInputStream.java:345)
	at java.io.FilterInputStream.read(FilterInputStream.java:107)
	at org.jsoup.helper.DataUtil.readToByteBuffer(DataUtil.java:154)
	at org.jsoup.helper.HttpConnection$Response.execute(HttpConnection.java:560)
	at org.jsoup.helper.HttpConnection$Response.execute(HttpConnection.java:493)
	at org.jsoup.helper.HttpConnection.execute(HttpConnection.java:205)
	at org.jsoup.helper.HttpConnection.get(HttpConnection.java:194)
	at github.satoshi_nakamoto2.lessWrongBookCreator.scraper.PostScraper.getPostSection(PostScraper.java:34)
	at github.satoshi_nakamoto2.lessWrongBookCreator.scraper.GetPostSectionCallable.call(GetPostSectionCallable.java:18)
	at github.satoshi_nakamoto2.lessWrongBookCreator.scraper.GetPostSectionCallable.call(GetPostSectionCallable.java:8)
	at java.util.concurrent.FutureTask.run(FutureTask.java:266)
	at java.util.concurrent.ThreadPoolExecutor.runWorker(ThreadPoolExecutor.java:1142)
	at java.util.concurrent.ThreadPoolExecutor$Worker.run(ThreadPoolExecutor.java:617)
	at java.lang.Thread.run(Thread.java:745)
[ERROR] 2015-07-23 22:12:17,555 github.satoshi_nakamoto2.lessWrongBookCreator.excelReader.SummaryFileReader getSummarySections - 
java.io.FileNotFoundException: C:\Users\Scott\Documents\NetBeansProjects\LessWrongBookCreator\Examples\Rationality AI to Zombies - Copy.xlsx (The process cannot access the file because it is being used by another process)
	at java.io.FileOutputStream.open(Native Method)
	at java.io.FileOutputStream.<init>(FileOutputStream.java:213)
	at java.io.FileOutputStream.<init>(FileOutputStream.java:162)
	at org.apache.poi.openxml4j.opc.internal.FileHelper.copyFile(FileHelper.java:68)
	at org.apache.poi.openxml4j.opc.ZipPackage.closeImpl(ZipPackage.java:359)
	at org.apache.poi.openxml4j.opc.OPCPackage.close(OPCPackage.java:426)
	at org.apache.poi.POIXMLDocument.close(POIXMLDocument.java:179)
	at org.apache.poi.xssf.usermodel.XSSFWorkbook.close(XSSFWorkbook.java:1558)
	at github.satoshi_nakamoto2.lessWrongBookCreator.excelReader.SummaryFileReader.getSummarySections(SummaryFileReader.java:59)
	at github.satoshi_nakamoto2.lessWrongBookCreator.GUI.CreateEbookSwingWorker.doInBackground(CreateEbookSwingWorker.java:81)
	at javax.swing.SwingWorker$1.call(SwingWorker.java:295)
	at java.util.concurrent.FutureTask.run(FutureTask.java:266)
	at javax.swing.SwingWorker.run(SwingWorker.java:334)
	at java.util.concurrent.ThreadPoolExecutor.runWorker(ThreadPoolExecutor.java:1142)
	at java.util.concurrent.ThreadPoolExecutor$Worker.run(ThreadPoolExecutor.java:617)
	at java.lang.Thread.run(Thread.java:745)
